"Process Create:
RuleName: -
UtcTime: 2025-02-07 08:14:38.170
ProcessGuid: {425f3eb2-c0ee-67a5-410e-000000000d00}
ProcessId: 5968
Image: C:\Program Files\Git\cmd\git.exe
FileVersion: 2.47.1.windows.2
Description: Git for Windows
Product: Git
Company: The Git Development Community
OriginalFileName: git.exe
CommandLine: ""C:\Program Files\Git\cmd\git.exe"" for-each-ref --format=%%(refname)The operation completed successfully.%%(upstream:short)The operation completed successfully.%%(objectname)The operation completed successfully.%%(upstream:track)The operation completed successfully.%%(upstream:remotename)The operation completed successfully.%%(upstream:remoteref) --ignore-case refs/heads/test-local refs/remotes/test-local
CurrentDirectory: C:\Users\admin\Desktop\export-sysmon-log\
User: DESKTOP-F21NMCI\admin
LogonGuid: {425f3eb2-d380-67a4-4938-020000000000}
LogonId: 0x23849
TerminalSessionId: 1
IntegrityLevel: Medium
Hashes: MD5=159617E95EE3199A9973BAF947356890,SHA256=332883EA074ABEABAA6B2FF4D744371DA0FA00D259F7E49D3AB5C8FDFBE80920,IMPHASH=EE3C6A8F0AB6258AC0199A08F878F6B3
ParentProcessGuid: {425f3eb2-c0e8-67a5-210e-000000000d00}
ParentProcessId: 5328
ParentImage: C:\Users\admin\AppData\Local\Programs\Microsoft VS Code\Code.exe
ParentCommandLine: ""C:\Users\admin\AppData\Local\Programs\Microsoft VS Code\Code.exe"" --type=utility --utility-sub-type=node.mojom.NodeService --lang=en-US --service-sandbox-type=none --dns-result-order=ipv4first --inspect-port=0 --video-capture-use-gpu-memory-buffer --user-data-dir=""C:\Users\admin\AppData\Roaming\Code"" --standard-schemes=vscode-webview,vscode-file --enable-sandbox --secure-schemes=vscode-webview,vscode-file --cors-schemes=vscode-webview,vscode-file --fetch-schemes=vscode-webview,vscode-file --service-worker-schemes=vscode-webview --code-cache-schemes=vscode-webview,vscode-file --field-trial-handle=3792,i,5256079706014587714,9801614069133507600,262144 --disable-features=CalculateNativeWinOcclusion,PlzDedicatedWorker,SpareRendererForSitePerProcess,WinDelaySpellcheckServiceInit,WinRetrieveSuggestionsOnlyOnDemand --variations-seed-version --mojo-platform-channel-handle=3788 /prefetch:8
ParentUser: DESKTOP-F21NMCI\admin","1","5",,"4","1","0","-9223372036854775808","13802","Microsoft-Windows-Sysmon","5770385f-c22a-43e0-bf4c-06f5698ffbd9","Microsoft-Windows-Sysmon/Operational","2996","4896","DESKTOP-F21NMCI","S-1-5-18","2/7/2025 3:14:38 PM",,,"Microsoft-Windows-Sysmon/Operational","System.UInt32[]","System.Diagnostics.Eventing.Reader.EventBookmark","Information","Info","Process Create (rule: ProcessCreate)","System.Collections.ObjectModel.ReadOnlyCollection`1[System.String]","System.Collections.Generic.List`1[System.Diagnostics.Eventing.Reader.EventProperty]"
"Process Create:
RuleName: -
UtcTime: 2025-02-07 08:14:38.116
ProcessGuid: {425f3eb2-c0ee-67a5-400e-000000000d00}
ProcessId: 1048
Image: C:\Program Files\Git\cmd\git.exe
FileVersion: 2.47.1.windows.2
Description: Git for Windows
Product: Git
Company: The Git Development Community
OriginalFileName: git.exe
CommandLine: ""C:\Program Files\Git\cmd\git.exe"" rev-parse --show-toplevel
CurrentDirectory: C:\Users\admin\Desktop\export-sysmon-log\.venv\
User: DESKTOP-F21NMCI\admin
LogonGuid: {425f3eb2-d380-67a4-4938-020000000000}
LogonId: 0x23849
TerminalSessionId: 1
IntegrityLevel: Medium
Hashes: MD5=159617E95EE3199A9973BAF947356890,SHA256=332883EA074ABEABAA6B2FF4D744371DA0FA00D259F7E49D3AB5C8FDFBE80920,IMPHASH=EE3C6A8F0AB6258AC0199A08F878F6B3
ParentProcessGuid: {425f3eb2-c0e8-67a5-210e-000000000d00}
ParentProcessId: 5328
ParentImage: C:\Users\admin\AppData\Local\Programs\Microsoft VS Code\Code.exe
ParentCommandLine: ""C:\Users\admin\AppData\Local\Programs\Microsoft VS Code\Code.exe"" --type=utility --utility-sub-type=node.mojom.NodeService --lang=en-US --service-sandbox-type=none --dns-result-order=ipv4first --inspect-port=0 --video-capture-use-gpu-memory-buffer --user-data-dir=""C:\Users\admin\AppData\Roaming\Code"" --standard-schemes=vscode-webview,vscode-file --enable-sandbox --secure-schemes=vscode-webview,vscode-file --cors-schemes=vscode-webview,vscode-file --fetch-schemes=vscode-webview,vscode-file --service-worker-schemes=vscode-webview --code-cache-schemes=vscode-webview,vscode-file --field-trial-handle=3792,i,5256079706014587714,9801614069133507600,262144 --disable-features=CalculateNativeWinOcclusion,PlzDedicatedWorker,SpareRendererForSitePerProcess,WinDelaySpellcheckServiceInit,WinRetrieveSuggestionsOnlyOnDemand --variations-seed-version --mojo-platform-channel-handle=3788 /prefetch:8
ParentUser: DESKTOP-F21NMCI\admin","1","5",,"4","1","0","-9223372036854775808","13801","Microsoft-Windows-Sysmon","5770385f-c22a-43e0-bf4c-06f5698ffbd9","Microsoft-Windows-Sysmon/Operational","2996","4896","DESKTOP-F21NMCI","S-1-5-18","2/7/2025 3:14:38 PM",,,"Microsoft-Windows-Sysmon/Operational","System.UInt32[]","System.Diagnostics.Eventing.Reader.EventBookmark","Information","Info","Process Create (rule: ProcessCreate)","System.Collections.ObjectModel.ReadOnlyCollection`1[System.String]","System.Collections.Generic.List`1[System.Diagnostics.Eventing.Reader.EventProperty]"
"Process Create:
RuleName: -
UtcTime: 2025-02-07 08:14:38.114
ProcessGuid: {425f3eb2-c0ee-67a5-3f0e-000000000d00}
ProcessId: 6876
Image: C:\Program Files\Git\cmd\git.exe
FileVersion: 2.47.1.windows.2
Description: Git for Windows
Product: Git
Company: The Git Development Community
OriginalFileName: git.exe
CommandLine: ""C:\Program Files\Git\cmd\git.exe"" config --get commit.template
CurrentDirectory: C:\Users\admin\Desktop\export-sysmon-log\
User: DESKTOP-F21NMCI\admin
LogonGuid: {425f3eb2-d380-67a4-4938-020000000000}
LogonId: 0x23849
TerminalSessionId: 1
IntegrityLevel: Medium
Hashes: MD5=159617E95EE3199A9973BAF947356890,SHA256=332883EA074ABEABAA6B2FF4D744371DA0FA00D259F7E49D3AB5C8FDFBE80920,IMPHASH=EE3C6A8F0AB6258AC0199A08F878F6B3
ParentProcessGuid: {425f3eb2-c0e8-67a5-210e-000000000d00}
ParentProcessId: 5328
ParentImage: C:\Users\admin\AppData\Local\Programs\Microsoft VS Code\Code.exe
ParentCommandLine: ""C:\Users\admin\AppData\Local\Programs\Microsoft VS Code\Code.exe"" --type=utility --utility-sub-type=node.mojom.NodeService --lang=en-US --service-sandbox-type=none --dns-result-order=ipv4first --inspect-port=0 --video-capture-use-gpu-memory-buffer --user-data-dir=""C:\Users\admin\AppData\Roaming\Code"" --standard-schemes=vscode-webview,vscode-file --enable-sandbox --secure-schemes=vscode-webview,vscode-file --cors-schemes=vscode-webview,vscode-file --fetch-schemes=vscode-webview,vscode-file --service-worker-schemes=vscode-webview --code-cache-schemes=vscode-webview,vscode-file --field-trial-handle=3792,i,5256079706014587714,9801614069133507600,262144 --disable-features=CalculateNativeWinOcclusion,PlzDedicatedWorker,SpareRendererForSitePerProcess,WinDelaySpellcheckServiceInit,WinRetrieveSuggestionsOnlyOnDemand --variations-seed-version --mojo-platform-channel-handle=3788 /prefetch:8
ParentUser: DESKTOP-F21NMCI\admin","1","5",,"4","1","0","-9223372036854775808","13800","Microsoft-Windows-Sysmon","5770385f-c22a-43e0-bf4c-06f5698ffbd9","Microsoft-Windows-Sysmon/Operational","2996","4896","DESKTOP-F21NMCI","S-1-5-18","2/7/2025 3:14:38 PM",,,"Microsoft-Windows-Sysmon/Operational","System.UInt32[]","System.Diagnostics.Eventing.Reader.EventBookmark","Information","Info","Process Create (rule: ProcessCreate)","System.Collections.ObjectModel.ReadOnlyCollection`1[System.String]","System.Collections.Generic.List`1[System.Diagnostics.Eventing.Reader.EventProperty]"
"Process Create:
RuleName: -
UtcTime: 2025-02-07 08:14:38.045
ProcessGuid: {425f3eb2-c0ee-67a5-3e0e-000000000d00}
ProcessId: 10724
Image: C:\Program Files\Git\mingw64\bin\git.exe
FileVersion: 2.47.1.windows.2
Description: Git for Windows
Product: Git
Company: The Git Development Community
OriginalFileName: git.exe
CommandLine: git.exe rev-parse --git-dir --git-common-dir
CurrentDirectory: C:\Users\admin\Desktop\export-sysmon-log\
User: DESKTOP-F21NMCI\admin
LogonGuid: {425f3eb2-d380-67a4-4938-020000000000}
LogonId: 0x23849
TerminalSessionId: 1
IntegrityLevel: Medium
Hashes: MD5=775A357FD1D98231B18949DAD9120376,SHA256=99AA707073DC30AE0F2259DAC777041E69EE90BBB8977174A1832A708B1FBB61,IMPHASH=EB9545C6B03DEE5ACFDE883F783112D0
ParentProcessGuid: {425f3eb2-c0ed-67a5-3c0e-000000000d00}
ParentProcessId: 2220
ParentImage: C:\Program Files\Git\cmd\git.exe
ParentCommandLine: ""C:\Program Files\Git\cmd\git.exe"" rev-parse --git-dir --git-common-dir
ParentUser: DESKTOP-F21NMCI\admin","1","5",,"4","1","0","-9223372036854775808","13799","Microsoft-Windows-Sysmon","5770385f-c22a-43e0-bf4c-06f5698ffbd9","Microsoft-Windows-Sysmon/Operational","2996","4896","DESKTOP-F21NMCI","S-1-5-18","2/7/2025 3:14:38 PM",,,"Microsoft-Windows-Sysmon/Operational","System.UInt32[]","System.Diagnostics.Eventing.Reader.EventBookmark","Information","Info","Process Create (rule: ProcessCreate)","System.Collections.ObjectModel.ReadOnlyCollection`1[System.String]","System.Collections.Generic.List`1[System.Diagnostics.Eventing.Reader.EventProperty]"
"File created:
RuleName: -
UtcTime: 2025-02-07 08:14:37.918
ProcessGuid: {425f3eb2-c0ed-67a5-370e-000000000d00}
ProcessId: 7988
Image: C:\Windows\System32\WindowsPowerShell\v1.0\powershell.exe
TargetFilename: C:\Users\admin\AppData\Local\Temp\__PSScriptPolicyTest_4ygqcj0t.k0i.ps1
CreationUtcTime: 2025-02-07 08:14:37.918
User: DESKTOP-F21NMCI\admin","11","2",,"4","11","0","-9223372036854775808","13798","Microsoft-Windows-Sysmon","5770385f-c22a-43e0-bf4c-06f5698ffbd9","Microsoft-Windows-Sysmon/Operational","2996","4896","DESKTOP-F21NMCI","S-1-5-18","2/7/2025 3:14:37 PM",,,"Microsoft-Windows-Sysmon/Operational","System.UInt32[]","System.Diagnostics.Eventing.Reader.EventBookmark","Information","Info","File created (rule: FileCreate)","System.Collections.ObjectModel.ReadOnlyCollection`1[System.String]","System.Collections.Generic.List`1[System.Diagnostics.Eventing.Reader.EventProperty]"
"Process Create:
RuleName: -
UtcTime: 2025-02-07 08:14:37.839
ProcessGuid: {425f3eb2-c0ed-67a5-3c0e-000000000d00}
ProcessId: 2220
Image: C:\Program Files\Git\cmd\git.exe
FileVersion: 2.47.1.windows.2
Description: Git for Windows
Product: Git
Company: The Git Development Community
OriginalFileName: git.exe
CommandLine: ""C:\Program Files\Git\cmd\git.exe"" rev-parse --git-dir --git-common-dir
CurrentDirectory: C:\Users\admin\Desktop\export-sysmon-log\
User: DESKTOP-F21NMCI\admin
LogonGuid: {425f3eb2-d380-67a4-4938-020000000000}
LogonId: 0x23849
TerminalSessionId: 1
IntegrityLevel: Medium
Hashes: MD5=159617E95EE3199A9973BAF947356890,SHA256=332883EA074ABEABAA6B2FF4D744371DA0FA00D259F7E49D3AB5C8FDFBE80920,IMPHASH=EE3C6A8F0AB6258AC0199A08F878F6B3
ParentProcessGuid: {425f3eb2-c0e8-67a5-210e-000000000d00}
ParentProcessId: 5328
ParentImage: C:\Users\admin\AppData\Local\Programs\Microsoft VS Code\Code.exe
ParentCommandLine: ""C:\Users\admin\AppData\Local\Programs\Microsoft VS Code\Code.exe"" --type=utility --utility-sub-type=node.mojom.NodeService --lang=en-US --service-sandbox-type=none --dns-result-order=ipv4first --inspect-port=0 --video-capture-use-gpu-memory-buffer --user-data-dir=""C:\Users\admin\AppData\Roaming\Code"" --standard-schemes=vscode-webview,vscode-file --enable-sandbox --secure-schemes=vscode-webview,vscode-file --cors-schemes=vscode-webview,vscode-file --fetch-schemes=vscode-webview,vscode-file --service-worker-schemes=vscode-webview --code-cache-schemes=vscode-webview,vscode-file --field-trial-handle=3792,i,5256079706014587714,9801614069133507600,262144 --disable-features=CalculateNativeWinOcclusion,PlzDedicatedWorker,SpareRendererForSitePerProcess,WinDelaySpellcheckServiceInit,WinRetrieveSuggestionsOnlyOnDemand --variations-seed-version --mojo-platform-channel-handle=3788 /prefetch:8
ParentUser: DESKTOP-F21NMCI\admin","1","5",,"4","1","0","-9223372036854775808","13797","Microsoft-Windows-Sysmon","5770385f-c22a-43e0-bf4c-06f5698ffbd9","Microsoft-Windows-Sysmon/Operational","2996","4896","DESKTOP-F21NMCI","S-1-5-18","2/7/2025 3:14:37 PM",,,"Microsoft-Windows-Sysmon/Operational","System.UInt32[]","System.Diagnostics.Eventing.Reader.EventBookmark","Information","Info","Process Create (rule: ProcessCreate)","System.Collections.ObjectModel.ReadOnlyCollection`1[System.String]","System.Collections.Generic.List`1[System.Diagnostics.Eventing.Reader.EventProperty]"
"Dns query:
RuleName: -
UtcTime: 2025-02-06 22:40:59.193
ProcessGuid: {425f3eb2-c0e8-67a5-210e-000000000d00}
ProcessId: 5328
QueryName: default.exp-tas.com
QueryStatus: 0
QueryResults: type:  5 deault-exp-tas-com.e-0014.e-msedge.net;type:  5 e-0014.e-msedge.net;::ffff:13.107.5.93;
Image: C:\Users\admin\AppData\Local\Programs\Microsoft VS Code\Code.exe
User: DESKTOP-F21NMCI\admin","22","5",,"4","22","0","-9223372036854775808","13796","Microsoft-Windows-Sysmon","5770385f-c22a-43e0-bf4c-06f5698ffbd9","Microsoft-Windows-Sysmon/Operational","2996","5056","DESKTOP-F21NMCI","S-1-5-18","2/7/2025 3:14:37 PM",,,"Microsoft-Windows-Sysmon/Operational","System.UInt32[]","System.Diagnostics.Eventing.Reader.EventBookmark","Information","Info","Dns query (rule: DnsQuery)","System.Collections.ObjectModel.ReadOnlyCollection`1[System.String]","System.Collections.Generic.List`1[System.Diagnostics.Eventing.Reader.EventProperty]"
"Process Create:
RuleName: -
UtcTime: 2025-02-07 08:14:37.765
ProcessGuid: {425f3eb2-c0ed-67a5-3b0e-000000000d00}
ProcessId: 5276
Image: C:\Program Files\Git\mingw64\bin\git.exe
FileVersion: 2.47.1.windows.2
Description: Git for Windows
Product: Git
Company: The Git Development Community
OriginalFileName: git.exe
CommandLine: git.exe rev-parse --show-toplevel
CurrentDirectory: C:\Users\admin\Desktop\export-sysmon-log\
User: DESKTOP-F21NMCI\admin
LogonGuid: {425f3eb2-d380-67a4-4938-020000000000}
LogonId: 0x23849
TerminalSessionId: 1
IntegrityLevel: Medium
Hashes: MD5=775A357FD1D98231B18949DAD9120376,SHA256=99AA707073DC30AE0F2259DAC777041E69EE90BBB8977174A1832A708B1FBB61,IMPHASH=EB9545C6B03DEE5ACFDE883F783112D0
ParentProcessGuid: {425f3eb2-c0ed-67a5-390e-000000000d00}
ParentProcessId: 1544
ParentImage: C:\Program Files\Git\cmd\git.exe
ParentCommandLine: ""C:\Program Files\Git\cmd\git.exe"" rev-parse --show-toplevel
ParentUser: DESKTOP-F21NMCI\admin","1","5",,"4","1","0","-9223372036854775808","13795","Microsoft-Windows-Sysmon","5770385f-c22a-43e0-bf4c-06f5698ffbd9","Microsoft-Windows-Sysmon/Operational","2996","4896","DESKTOP-F21NMCI","S-1-5-18","2/7/2025 3:14:37 PM",,,"Microsoft-Windows-Sysmon/Operational","System.UInt32[]","System.Diagnostics.Eventing.Reader.EventBookmark","Information","Info","Process Create (rule: ProcessCreate)","System.Collections.ObjectModel.ReadOnlyCollection`1[System.String]","System.Collections.Generic.List`1[System.Diagnostics.Eventing.Reader.EventProperty]"
"Process Create:
RuleName: -
UtcTime: 2025-02-07 08:14:37.593
ProcessGuid: {425f3eb2-c0ed-67a5-390e-000000000d00}
ProcessId: 1544
Image: C:\Program Files\Git\cmd\git.exe
FileVersion: 2.47.1.windows.2
Description: Git for Windows
Product: Git
Company: The Git Development Community
OriginalFileName: git.exe
CommandLine: ""C:\Program Files\Git\cmd\git.exe"" rev-parse --show-toplevel
CurrentDirectory: C:\Users\admin\Desktop\export-sysmon-log\
User: DESKTOP-F21NMCI\admin
LogonGuid: {425f3eb2-d380-67a4-4938-020000000000}
LogonId: 0x23849
TerminalSessionId: 1
IntegrityLevel: Medium
Hashes: MD5=159617E95EE3199A9973BAF947356890,SHA256=332883EA074ABEABAA6B2FF4D744371DA0FA00D259F7E49D3AB5C8FDFBE80920,IMPHASH=EE3C6A8F0AB6258AC0199A08F878F6B3
ParentProcessGuid: {425f3eb2-c0e8-67a5-210e-000000000d00}
ParentProcessId: 5328
ParentImage: C:\Users\admin\AppData\Local\Programs\Microsoft VS Code\Code.exe
ParentCommandLine: ""C:\Users\admin\AppData\Local\Programs\Microsoft VS Code\Code.exe"" --type=utility --utility-sub-type=node.mojom.NodeService --lang=en-US --service-sandbox-type=none --dns-result-order=ipv4first --inspect-port=0 --video-capture-use-gpu-memory-buffer --user-data-dir=""C:\Users\admin\AppData\Roaming\Code"" --standard-schemes=vscode-webview,vscode-file --enable-sandbox --secure-schemes=vscode-webview,vscode-file --cors-schemes=vscode-webview,vscode-file --fetch-schemes=vscode-webview,vscode-file --service-worker-schemes=vscode-webview --code-cache-schemes=vscode-webview,vscode-file --field-trial-handle=3792,i,5256079706014587714,9801614069133507600,262144 --disable-features=CalculateNativeWinOcclusion,PlzDedicatedWorker,SpareRendererForSitePerProcess,WinDelaySpellcheckServiceInit,WinRetrieveSuggestionsOnlyOnDemand --variations-seed-version --mojo-platform-channel-handle=3788 /prefetch:8
ParentUser: DESKTOP-F21NMCI\admin","1","5",,"4","1","0","-9223372036854775808","13794","Microsoft-Windows-Sysmon","5770385f-c22a-43e0-bf4c-06f5698ffbd9","Microsoft-Windows-Sysmon/Operational","2996","4896","DESKTOP-F21NMCI","S-1-5-18","2/7/2025 3:14:37 PM",,,"Microsoft-Windows-Sysmon/Operational","System.UInt32[]","System.Diagnostics.Eventing.Reader.EventBookmark","Information","Info","Process Create (rule: ProcessCreate)","System.Collections.ObjectModel.ReadOnlyCollection`1[System.String]","System.Collections.Generic.List`1[System.Diagnostics.Eventing.Reader.EventProperty]"
"Process Create:
RuleName: -
UtcTime: 2025-02-07 08:14:37.528
ProcessGuid: {425f3eb2-c0ed-67a5-370e-000000000d00}
ProcessId: 7988
Image: C:\Windows\System32\WindowsPowerShell\v1.0\powershell.exe
FileVersion: 10.0.18362.1 (WinBuild.160101.0800)
Description: Windows PowerShell
Product: Microsoft? Windows? Operating System
Company: Microsoft Corporation
OriginalFileName: PowerShell.EXE
CommandLine: C:\Windows\System32\WindowsPowerShell\v1.0\powershell.exe -c ""& C:/Users/admin/Desktop/export-sysmon-log/.venv/Scripts/Activate.ps1 ; echo 'e8b39361-0157-4923-80e1-22d70d46dee6' ; python c:/Users/admin/.vscode/extensions/ms-python.python-2025.0.0-win32-x64/python_files/printEnvVariables.py""
CurrentDirectory: C:\Users\admin\AppData\Local\Programs\Microsoft VS Code\
User: DESKTOP-F21NMCI\admin
LogonGuid: {425f3eb2-d380-67a4-4938-020000000000}
LogonId: 0x23849
TerminalSessionId: 1
IntegrityLevel: Medium
Hashes: MD5=CDA48FC75952AD12D99E526D0B6BF70A,SHA256=908B64B1971A979C7E3E8CE4621945CBA84854CB98D76367B791A6E22B5F6D53,IMPHASH=A7CEFACDDA74B13CD330390769752481
ParentProcessGuid: {425f3eb2-c0e8-67a5-210e-000000000d00}
ParentProcessId: 5328
ParentImage: C:\Users\admin\AppData\Local\Programs\Microsoft VS Code\Code.exe
ParentCommandLine: ""C:\Users\admin\AppData\Local\Programs\Microsoft VS Code\Code.exe"" --type=utility --utility-sub-type=node.mojom.NodeService --lang=en-US --service-sandbox-type=none --dns-result-order=ipv4first --inspect-port=0 --video-capture-use-gpu-memory-buffer --user-data-dir=""C:\Users\admin\AppData\Roaming\Code"" --standard-schemes=vscode-webview,vscode-file --enable-sandbox --secure-schemes=vscode-webview,vscode-file --cors-schemes=vscode-webview,vscode-file --fetch-schemes=vscode-webview,vscode-file --service-worker-schemes=vscode-webview --code-cache-schemes=vscode-webview,vscode-file --field-trial-handle=3792,i,5256079706014587714,9801614069133507600,262144 --disable-features=CalculateNativeWinOcclusion,PlzDedicatedWorker,SpareRendererForSitePerProcess,WinDelaySpellcheckServiceInit,WinRetrieveSuggestionsOnlyOnDemand --variations-seed-version --mojo-platform-channel-handle=3788 /prefetch:8
ParentUser: DESKTOP-F21NMCI\admin","1","5",,"4","1","0","-9223372036854775808","13793","Microsoft-Windows-Sysmon","5770385f-c22a-43e0-bf4c-06f5698ffbd9","Microsoft-Windows-Sysmon/Operational","2996","4896","DESKTOP-F21NMCI","S-1-5-18","2/7/2025 3:14:37 PM",,,"Microsoft-Windows-Sysmon/Operational","System.UInt32[]","System.Diagnostics.Eventing.Reader.EventBookmark","Information","Info","Process Create (rule: ProcessCreate)","System.Collections.ObjectModel.ReadOnlyCollection`1[System.String]","System.Collections.Generic.List`1[System.Diagnostics.Eventing.Reader.EventProperty]"
"Process Create:
RuleName: -
UtcTime: 2025-02-07 08:14:37.503
ProcessGuid: {425f3eb2-c0ed-67a5-360e-000000000d00}
ProcessId: 4044
Image: C:\Users\admin\AppData\Local\Programs\Microsoft VS Code\Code.exe
FileVersion: 1.97.0
Description: Visual Studio Code
Product: Visual Studio Code
Company: Microsoft Corporation
OriginalFileName: electron.exe
CommandLine: ""C:\Users\admin\AppData\Local\Programs\Microsoft VS Code\Code.exe"" c:\Users\admin\.vscode\extensions\ms-python.vscode-pylance-2025.2.1\dist\server.bundle.js --cancellationReceive=file:d8c57deddba634dbb4ccad0b898c8e77327e71b192 --node-ipc --clientProcessId=5328
CurrentDirectory: c:\Users\admin\Desktop\export-sysmon-log\
User: DESKTOP-F21NMCI\admin
LogonGuid: {425f3eb2-d380-67a4-4938-020000000000}
LogonId: 0x23849
TerminalSessionId: 1
IntegrityLevel: Medium
Hashes: MD5=79805FCCC1D54AA463DA9D2A3AF7978F,SHA256=C80B5DADC5A40913D749BBAC34CA9F072CC038D48F76E7C42B241A019E48FFAB,IMPHASH=16B615D587D564B3ADD5FEA339704C47
ParentProcessGuid: {425f3eb2-c0e8-67a5-210e-000000000d00}
ParentProcessId: 5328
ParentImage: C:\Users\admin\AppData\Local\Programs\Microsoft VS Code\Code.exe
ParentCommandLine: ""C:\Users\admin\AppData\Local\Programs\Microsoft VS Code\Code.exe"" --type=utility --utility-sub-type=node.mojom.NodeService --lang=en-US --service-sandbox-type=none --dns-result-order=ipv4first --inspect-port=0 --video-capture-use-gpu-memory-buffer --user-data-dir=""C:\Users\admin\AppData\Roaming\Code"" --standard-schemes=vscode-webview,vscode-file --enable-sandbox --secure-schemes=vscode-webview,vscode-file --cors-schemes=vscode-webview,vscode-file --fetch-schemes=vscode-webview,vscode-file --service-worker-schemes=vscode-webview --code-cache-schemes=vscode-webview,vscode-file --field-trial-handle=3792,i,5256079706014587714,9801614069133507600,262144 --disable-features=CalculateNativeWinOcclusion,PlzDedicatedWorker,SpareRendererForSitePerProcess,WinDelaySpellcheckServiceInit,WinRetrieveSuggestionsOnlyOnDemand --variations-seed-version --mojo-platform-channel-handle=3788 /prefetch:8
ParentUser: DESKTOP-F21NMCI\admin","1","5",,"4","1","0","-9223372036854775808","13792","Microsoft-Windows-Sysmon","5770385f-c22a-43e0-bf4c-06f5698ffbd9","Microsoft-Windows-Sysmon/Operational","2996","4896","DESKTOP-F21NMCI","S-1-5-18","2/7/2025 3:14:37 PM",,,"Microsoft-Windows-Sysmon/Operational","System.UInt32[]","System.Diagnostics.Eventing.Reader.EventBookmark","Information","Info","Process Create (rule: ProcessCreate)","System.Collections.ObjectModel.ReadOnlyCollection`1[System.String]","System.Collections.Generic.List`1[System.Diagnostics.Eventing.Reader.EventProperty]"
"Process Create:
RuleName: -
UtcTime: 2025-02-07 08:14:37.439
ProcessGuid: {425f3eb2-c0ed-67a5-350e-000000000d00}
ProcessId: 280
Image: C:\Program Files\Git\mingw64\bin\git.exe
FileVersion: 2.47.1.windows.2
Description: Git for Windows
Product: Git
Company: The Git Development Community
OriginalFileName: git.exe
CommandLine: git.exe --version
CurrentDirectory: C:\Users\admin\AppData\Local\Programs\Microsoft VS Code\
User: DESKTOP-F21NMCI\admin
LogonGuid: {425f3eb2-d380-67a4-4938-020000000000}
LogonId: 0x23849
TerminalSessionId: 1
IntegrityLevel: Medium
Hashes: MD5=775A357FD1D98231B18949DAD9120376,SHA256=99AA707073DC30AE0F2259DAC777041E69EE90BBB8977174A1832A708B1FBB61,IMPHASH=EB9545C6B03DEE5ACFDE883F783112D0
ParentProcessGuid: {425f3eb2-c0ed-67a5-330e-000000000d00}
ParentProcessId: 10396
ParentImage: C:\Program Files\Git\cmd\git.exe
ParentCommandLine: ""C:\Program Files\Git\cmd\git.exe"" --version
ParentUser: DESKTOP-F21NMCI\admin","1","5",,"4","1","0","-9223372036854775808","13791","Microsoft-Windows-Sysmon","5770385f-c22a-43e0-bf4c-06f5698ffbd9","Microsoft-Windows-Sysmon/Operational","2996","4896","DESKTOP-F21NMCI","S-1-5-18","2/7/2025 3:14:37 PM",,,"Microsoft-Windows-Sysmon/Operational","System.UInt32[]","System.Diagnostics.Eventing.Reader.EventBookmark","Information","Info","Process Create (rule: ProcessCreate)","System.Collections.ObjectModel.ReadOnlyCollection`1[System.String]","System.Collections.Generic.List`1[System.Diagnostics.Eventing.Reader.EventProperty]"
"Process Create:
RuleName: -
UtcTime: 2025-02-07 08:14:37.050
ProcessGuid: {425f3eb2-c0ed-67a5-330e-000000000d00}
ProcessId: 10396
Image: C:\Program Files\Git\cmd\git.exe
FileVersion: 2.47.1.windows.2
Description: Git for Windows
Product: Git
Company: The Git Development Community
OriginalFileName: git.exe
CommandLine: ""C:\Program Files\Git\cmd\git.exe"" --version
CurrentDirectory: C:\Users\admin\AppData\Local\Programs\Microsoft VS Code\
User: DESKTOP-F21NMCI\admin
LogonGuid: {425f3eb2-d380-67a4-4938-020000000000}
LogonId: 0x23849
TerminalSessionId: 1
IntegrityLevel: Medium
Hashes: MD5=159617E95EE3199A9973BAF947356890,SHA256=332883EA074ABEABAA6B2FF4D744371DA0FA00D259F7E49D3AB5C8FDFBE80920,IMPHASH=EE3C6A8F0AB6258AC0199A08F878F6B3
ParentProcessGuid: {425f3eb2-c0e8-67a5-210e-000000000d00}
ParentProcessId: 5328
ParentImage: C:\Users\admin\AppData\Local\Programs\Microsoft VS Code\Code.exe
ParentCommandLine: ""C:\Users\admin\AppData\Local\Programs\Microsoft VS Code\Code.exe"" --type=utility --utility-sub-type=node.mojom.NodeService --lang=en-US --service-sandbox-type=none --dns-result-order=ipv4first --inspect-port=0 --video-capture-use-gpu-memory-buffer --user-data-dir=""C:\Users\admin\AppData\Roaming\Code"" --standard-schemes=vscode-webview,vscode-file --enable-sandbox --secure-schemes=vscode-webview,vscode-file --cors-schemes=vscode-webview,vscode-file --fetch-schemes=vscode-webview,vscode-file --service-worker-schemes=vscode-webview --code-cache-schemes=vscode-webview,vscode-file --field-trial-handle=3792,i,5256079706014587714,9801614069133507600,262144 --disable-features=CalculateNativeWinOcclusion,PlzDedicatedWorker,SpareRendererForSitePerProcess,WinDelaySpellcheckServiceInit,WinRetrieveSuggestionsOnlyOnDemand --variations-seed-version --mojo-platform-channel-handle=3788 /prefetch:8
ParentUser: DESKTOP-F21NMCI\admin","1","5",,"4","1","0","-9223372036854775808","13790","Microsoft-Windows-Sysmon","5770385f-c22a-43e0-bf4c-06f5698ffbd9","Microsoft-Windows-Sysmon/Operational","2996","4896","DESKTOP-F21NMCI","S-1-5-18","2/7/2025 3:14:37 PM",,,"Microsoft-Windows-Sysmon/Operational","System.UInt32[]","System.Diagnostics.Eventing.Reader.EventBookmark","Information","Info","Process Create (rule: ProcessCreate)","System.Collections.ObjectModel.ReadOnlyCollection`1[System.String]","System.Collections.Generic.List`1[System.Diagnostics.Eventing.Reader.EventProperty]"
"Process Create:
RuleName: -
UtcTime: 2025-02-07 08:14:36.909
ProcessGuid: {425f3eb2-c0ec-67a5-310e-000000000d00}
ProcessId: 6804
Image: C:\Windows\System32\cmd.exe
FileVersion: 10.0.18362.1 (WinBuild.160101.0800)
Description: Windows Command Processor
Product: Microsoft? Windows? Operating System
Company: Microsoft Corporation
OriginalFileName: Cmd.Exe
CommandLine: C:\Windows\system32\cmd.exe /d /s /c ""pyenv which python""
CurrentDirectory: c:\Users\admin\Desktop\export-sysmon-log\
User: DESKTOP-F21NMCI\admin
LogonGuid: {425f3eb2-d380-67a4-4938-020000000000}
LogonId: 0x23849
TerminalSessionId: 1
IntegrityLevel: Medium
Hashes: MD5=9D59442313565C2E0860B88BF32B2277,SHA256=D0CEB18272966AB62B8EDFF100E9B4A6A3CB5DC0F2A32B2B18721FEA2D9C09A5,IMPHASH=272245E2988E1E430500B852C4FB5E18
ParentProcessGuid: {425f3eb2-c0e8-67a5-210e-000000000d00}
ParentProcessId: 5328
ParentImage: C:\Users\admin\AppData\Local\Programs\Microsoft VS Code\Code.exe
ParentCommandLine: ""C:\Users\admin\AppData\Local\Programs\Microsoft VS Code\Code.exe"" --type=utility --utility-sub-type=node.mojom.NodeService --lang=en-US --service-sandbox-type=none --dns-result-order=ipv4first --inspect-port=0 --video-capture-use-gpu-memory-buffer --user-data-dir=""C:\Users\admin\AppData\Roaming\Code"" --standard-schemes=vscode-webview,vscode-file --enable-sandbox --secure-schemes=vscode-webview,vscode-file --cors-schemes=vscode-webview,vscode-file --fetch-schemes=vscode-webview,vscode-file --service-worker-schemes=vscode-webview --code-cache-schemes=vscode-webview,vscode-file --field-trial-handle=3792,i,5256079706014587714,9801614069133507600,262144 --disable-features=CalculateNativeWinOcclusion,PlzDedicatedWorker,SpareRendererForSitePerProcess,WinDelaySpellcheckServiceInit,WinRetrieveSuggestionsOnlyOnDemand --variations-seed-version --mojo-platform-channel-handle=3788 /prefetch:8
ParentUser: DESKTOP-F21NMCI\admin","1","5",,"4","1","0","-9223372036854775808","13789","Microsoft-Windows-Sysmon","5770385f-c22a-43e0-bf4c-06f5698ffbd9","Microsoft-Windows-Sysmon/Operational","2996","4896","DESKTOP-F21NMCI","S-1-5-18","2/7/2025 3:14:36 PM",,,"Microsoft-Windows-Sysmon/Operational","System.UInt32[]","System.Diagnostics.Eventing.Reader.EventBookmark","Information","Info","Process Create (rule: ProcessCreate)","System.Collections.ObjectModel.ReadOnlyCollection`1[System.String]","System.Collections.Generic.List`1[System.Diagnostics.Eventing.Reader.EventProperty]"
"Network connection detected:
RuleName: Usermode
UtcTime: 2025-02-06 22:40:58.105
ProcessGuid: {425f3eb2-c0e7-67a5-1e0e-000000000d00}
ProcessId: 8868
Image: C:\Users\admin\AppData\Local\Programs\Microsoft VS Code\Code.exe
User: DESKTOP-F21NMCI\admin
Protocol: tcp
Initiated: true
SourceIsIpv6: false
SourceIp: 192.168.228.130
SourceHostname: DESKTOP-F21NMCI.localdomain
SourcePort: 51001
SourcePortName: -
DestinationIsIpv6: false
DestinationIp: 13.107.246.73
DestinationHostname: -
DestinationPort: 443
DestinationPortName: https","3","5",,"4","3","0","-9223372036854775808","13788","Microsoft-Windows-Sysmon","5770385f-c22a-43e0-bf4c-06f5698ffbd9","Microsoft-Windows-Sysmon/Operational","2996","4916","DESKTOP-F21NMCI","S-1-5-18","2/7/2025 3:14:36 PM",,,"Microsoft-Windows-Sysmon/Operational","System.UInt32[]","System.Diagnostics.Eventing.Reader.EventBookmark","Information","Info","Network connection detected (rule: NetworkConnect)","System.Collections.ObjectModel.ReadOnlyCollection`1[System.String]","System.Collections.Generic.List`1[System.Diagnostics.Eventing.Reader.EventProperty]"
"Network connection detected:
RuleName: Usermode
UtcTime: 2025-02-06 22:40:58.037
ProcessGuid: {425f3eb2-c0e7-67a5-1e0e-000000000d00}
ProcessId: 8868
Image: C:\Users\admin\AppData\Local\Programs\Microsoft VS Code\Code.exe
User: DESKTOP-F21NMCI\admin
Protocol: udp
Initiated: true
SourceIsIpv6: false
SourceIp: 192.168.228.130
SourceHostname: DESKTOP-F21NMCI.localdomain
SourcePort: 63512
SourcePortName: -
DestinationIsIpv6: false
DestinationIp: 192.168.228.2
DestinationHostname: -
DestinationPort: 53
DestinationPortName: domain","3","5",,"4","3","0","-9223372036854775808","13787","Microsoft-Windows-Sysmon","5770385f-c22a-43e0-bf4c-06f5698ffbd9","Microsoft-Windows-Sysmon/Operational","2996","4916","DESKTOP-F21NMCI","S-1-5-18","2/7/2025 3:14:36 PM",,,"Microsoft-Windows-Sysmon/Operational","System.UInt32[]","System.Diagnostics.Eventing.Reader.EventBookmark","Information","Info","Network connection detected (rule: NetworkConnect)","System.Collections.ObjectModel.ReadOnlyCollection`1[System.String]","System.Collections.Generic.List`1[System.Diagnostics.Eventing.Reader.EventProperty]"
"Network connection detected:
RuleName: Usermode
UtcTime: 2025-02-06 22:40:58.037
ProcessGuid: {425f3eb2-c0e7-67a5-1e0e-000000000d00}
ProcessId: 8868
Image: C:\Users\admin\AppData\Local\Programs\Microsoft VS Code\Code.exe
User: DESKTOP-F21NMCI\admin
Protocol: udp
Initiated: true
SourceIsIpv6: false
SourceIp: 192.168.228.130
SourceHostname: DESKTOP-F21NMCI.localdomain
SourcePort: 56881
SourcePortName: -
DestinationIsIpv6: false
DestinationIp: 192.168.228.2
DestinationHostname: -
DestinationPort: 53
DestinationPortName: domain","3","5",,"4","3","0","-9223372036854775808","13786","Microsoft-Windows-Sysmon","5770385f-c22a-43e0-bf4c-06f5698ffbd9","Microsoft-Windows-Sysmon/Operational","2996","4916","DESKTOP-F21NMCI","S-1-5-18","2/7/2025 3:14:36 PM",,,"Microsoft-Windows-Sysmon/Operational","System.UInt32[]","System.Diagnostics.Eventing.Reader.EventBookmark","Information","Info","Network connection detected (rule: NetworkConnect)","System.Collections.ObjectModel.ReadOnlyCollection`1[System.String]","System.Collections.Generic.List`1[System.Diagnostics.Eventing.Reader.EventProperty]"
"File created:
RuleName: -
UtcTime: 2025-02-07 08:14:36.571
ProcessGuid: {425f3eb2-c0ec-67a5-2e0e-000000000d00}
ProcessId: 10500
Image: C:\Windows\System32\WindowsPowerShell\v1.0\powershell.exe
TargetFilename: C:\Users\admin\AppData\Local\Temp\__PSScriptPolicyTest_nghu22ll.mnd.ps1
CreationUtcTime: 2025-02-07 08:14:36.571
User: DESKTOP-F21NMCI\admin","11","2",,"4","11","0","-9223372036854775808","13785","Microsoft-Windows-Sysmon","5770385f-c22a-43e0-bf4c-06f5698ffbd9","Microsoft-Windows-Sysmon/Operational","2996","4896","DESKTOP-F21NMCI","S-1-5-18","2/7/2025 3:14:36 PM",,,"Microsoft-Windows-Sysmon/Operational","System.UInt32[]","System.Diagnostics.Eventing.Reader.EventBookmark","Information","Info","File created (rule: FileCreate)","System.Collections.ObjectModel.ReadOnlyCollection`1[System.String]","System.Collections.Generic.List`1[System.Diagnostics.Eventing.Reader.EventProperty]"
"Process Create:
RuleName: -
UtcTime: 2025-02-07 08:14:36.549
ProcessGuid: {425f3eb2-c0ec-67a5-2f0e-000000000d00}
ProcessId: 8920
Image: C:\Windows\System32\cmd.exe
FileVersion: 10.0.18362.1 (WinBuild.160101.0800)
Description: Windows Command Processor
Product: Microsoft? Windows? Operating System
Company: Microsoft Corporation
OriginalFileName: Cmd.Exe
CommandLine: C:\Windows\system32\cmd.exe /d /s /c ""wsl.exe -l -q""
CurrentDirectory: C:\Users\admin\AppData\Local\Programs\Microsoft VS Code\
User: DESKTOP-F21NMCI\admin
LogonGuid: {425f3eb2-d380-67a4-4938-020000000000}
LogonId: 0x23849
TerminalSessionId: 1
IntegrityLevel: Medium
Hashes: MD5=9D59442313565C2E0860B88BF32B2277,SHA256=D0CEB18272966AB62B8EDFF100E9B4A6A3CB5DC0F2A32B2B18721FEA2D9C09A5,IMPHASH=272245E2988E1E430500B852C4FB5E18
ParentProcessGuid: {425f3eb2-c0e7-67a5-1b0e-000000000d00}
ParentProcessId: 4032
ParentImage: C:\Users\admin\AppData\Local\Programs\Microsoft VS Code\Code.exe
ParentCommandLine: ""C:\Users\admin\AppData\Local\Programs\Microsoft VS Code\Code.exe"" ""C:\Users\admin\Desktop\export-sysmon-log""
ParentUser: DESKTOP-F21NMCI\admin","1","5",,"4","1","0","-9223372036854775808","13784","Microsoft-Windows-Sysmon","5770385f-c22a-43e0-bf4c-06f5698ffbd9","Microsoft-Windows-Sysmon/Operational","2996","4896","DESKTOP-F21NMCI","S-1-5-18","2/7/2025 3:14:36 PM",,,"Microsoft-Windows-Sysmon/Operational","System.UInt32[]","System.Diagnostics.Eventing.Reader.EventBookmark","Information","Info","Process Create (rule: ProcessCreate)","System.Collections.ObjectModel.ReadOnlyCollection`1[System.String]","System.Collections.Generic.List`1[System.Diagnostics.Eventing.Reader.EventProperty]"
"Process terminated:
RuleName: -
UtcTime: 2025-02-07 08:14:36.399
ProcessGuid: {425f3eb2-c0ea-67a5-280e-000000000d00}
ProcessId: 2476
Image: C:\Users\admin\AppData\Local\Programs\Microsoft VS Code\bin\code-tunnel.exe
User: DESKTOP-F21NMCI\admin","5","3",,"4","5","0","-9223372036854775808","13783","Microsoft-Windows-Sysmon","5770385f-c22a-43e0-bf4c-06f5698ffbd9","Microsoft-Windows-Sysmon/Operational","2996","4896","DESKTOP-F21NMCI","S-1-5-18","2/7/2025 3:14:36 PM",,,"Microsoft-Windows-Sysmon/Operational","System.UInt32[]","System.Diagnostics.Eventing.Reader.EventBookmark","Information","Info","Process terminated (rule: ProcessTerminate)","System.Collections.ObjectModel.ReadOnlyCollection`1[System.String]","System.Collections.Generic.List`1[System.Diagnostics.Eventing.Reader.EventProperty]"
"File created:
RuleName: -
UtcTime: 2025-02-07 08:14:36.374
ProcessGuid: {425f3eb2-c0ea-67a5-270e-000000000d00}
ProcessId: 3236
Image: C:\Windows\System32\WindowsPowerShell\v1.0\powershell.exe
TargetFilename: C:\Users\admin\AppData\Local\Temp\__PSScriptPolicyTest_s1bulfo5.igp.ps1
CreationUtcTime: 2025-02-07 08:14:36.374
User: DESKTOP-F21NMCI\admin","11","2",,"4","11","0","-9223372036854775808","13782","Microsoft-Windows-Sysmon","5770385f-c22a-43e0-bf4c-06f5698ffbd9","Microsoft-Windows-Sysmon/Operational","2996","4896","DESKTOP-F21NMCI","S-1-5-18","2/7/2025 3:14:36 PM",,,"Microsoft-Windows-Sysmon/Operational","System.UInt32[]","System.Diagnostics.Eventing.Reader.EventBookmark","Information","Info","File created (rule: FileCreate)","System.Collections.ObjectModel.ReadOnlyCollection`1[System.String]","System.Collections.Generic.List`1[System.Diagnostics.Eventing.Reader.EventProperty]"
"Network connection detected:
RuleName: Usermode
UtcTime: 2025-02-06 22:40:57.520
ProcessGuid: {425f3eb2-c0e7-67a5-1e0e-000000000d00}
ProcessId: 8868
Image: C:\Users\admin\AppData\Local\Programs\Microsoft VS Code\Code.exe
User: DESKTOP-F21NMCI\admin
Protocol: tcp
Initiated: true
SourceIsIpv6: false
SourceIp: 192.168.228.130
SourceHostname: DESKTOP-F21NMCI.localdomain
SourcePort: 51000
SourcePortName: -
DestinationIsIpv6: false
DestinationIp: 13.107.246.73
DestinationHostname: -
DestinationPort: 443
DestinationPortName: https","3","5",,"4","3","0","-9223372036854775808","13781","Microsoft-Windows-Sysmon","5770385f-c22a-43e0-bf4c-06f5698ffbd9","Microsoft-Windows-Sysmon/Operational","2996","4916","DESKTOP-F21NMCI","S-1-5-18","2/7/2025 3:14:36 PM",,,"Microsoft-Windows-Sysmon/Operational","System.UInt32[]","System.Diagnostics.Eventing.Reader.EventBookmark","Information","Info","Network connection detected (rule: NetworkConnect)","System.Collections.ObjectModel.ReadOnlyCollection`1[System.String]","System.Collections.Generic.List`1[System.Diagnostics.Eventing.Reader.EventProperty]"
"Network connection detected:
RuleName: Usermode
UtcTime: 2025-02-06 22:40:57.448
ProcessGuid: {425f3eb2-c0e7-67a5-1e0e-000000000d00}
ProcessId: 8868
Image: C:\Users\admin\AppData\Local\Programs\Microsoft VS Code\Code.exe
User: DESKTOP-F21NMCI\admin
Protocol: udp
Initiated: true
SourceIsIpv6: false
SourceIp: 192.168.228.130
SourceHostname: DESKTOP-F21NMCI.localdomain
SourcePort: 49674
SourcePortName: -
DestinationIsIpv6: false
DestinationIp: 192.168.228.2
DestinationHostname: -
DestinationPort: 53
DestinationPortName: domain","3","5",,"4","3","0","-9223372036854775808","13780","Microsoft-Windows-Sysmon","5770385f-c22a-43e0-bf4c-06f5698ffbd9","Microsoft-Windows-Sysmon/Operational","2996","4916","DESKTOP-F21NMCI","S-1-5-18","2/7/2025 3:14:36 PM",,,"Microsoft-Windows-Sysmon/Operational","System.UInt32[]","System.Diagnostics.Eventing.Reader.EventBookmark","Information","Info","Network connection detected (rule: NetworkConnect)","System.Collections.ObjectModel.ReadOnlyCollection`1[System.String]","System.Collections.Generic.List`1[System.Diagnostics.Eventing.Reader.EventProperty]"
"Network connection detected:
RuleName: Usermode
UtcTime: 2025-02-06 22:40:57.448
ProcessGuid: {425f3eb2-c0e7-67a5-1e0e-000000000d00}
ProcessId: 8868
Image: C:\Users\admin\AppData\Local\Programs\Microsoft VS Code\Code.exe
User: DESKTOP-F21NMCI\admin
Protocol: udp
Initiated: true
SourceIsIpv6: false
SourceIp: 192.168.228.130
SourceHostname: DESKTOP-F21NMCI.localdomain
SourcePort: 49563
SourcePortName: -
DestinationIsIpv6: false
DestinationIp: 192.168.228.2
DestinationHostname: -
DestinationPort: 53
DestinationPortName: domain","3","5",,"4","3","0","-9223372036854775808","13779","Microsoft-Windows-Sysmon","5770385f-c22a-43e0-bf4c-06f5698ffbd9","Microsoft-Windows-Sysmon/Operational","2996","4916","DESKTOP-F21NMCI","S-1-5-18","2/7/2025 3:14:36 PM",,,"Microsoft-Windows-Sysmon/Operational","System.UInt32[]","System.Diagnostics.Eventing.Reader.EventBookmark","Information","Info","Network connection detected (rule: NetworkConnect)","System.Collections.ObjectModel.ReadOnlyCollection`1[System.String]","System.Collections.Generic.List`1[System.Diagnostics.Eventing.Reader.EventProperty]"
"Process Create:
RuleName: -
UtcTime: 2025-02-07 08:14:36.338
ProcessGuid: {425f3eb2-c0ec-67a5-2e0e-000000000d00}
ProcessId: 10500
Image: C:\Windows\System32\WindowsPowerShell\v1.0\powershell.exe
FileVersion: 10.0.18362.1 (WinBuild.160101.0800)
Description: Windows PowerShell
Product: Microsoft? Windows? Operating System
Company: Microsoft Corporation
OriginalFileName: PowerShell.EXE
CommandLine: C:\Windows\System32\WindowsPowerShell\v1.0\powershell.exe -noexit -command ""try { . \""c:\Users\admin\AppData\Local\Programs\Microsoft VS Code\resources\app\out\vs\workbench\contrib\terminal\common\scripts\shellIntegration.ps1\"" } catch {}""
CurrentDirectory: C:\Users\admin\Desktop\export-sysmon-log\
User: DESKTOP-F21NMCI\admin
LogonGuid: {425f3eb2-d380-67a4-4938-020000000000}
LogonId: 0x23849
TerminalSessionId: 1
IntegrityLevel: Medium
Hashes: MD5=CDA48FC75952AD12D99E526D0B6BF70A,SHA256=908B64B1971A979C7E3E8CE4621945CBA84854CB98D76367B791A6E22B5F6D53,IMPHASH=A7CEFACDDA74B13CD330390769752481
ParentProcessGuid: {425f3eb2-c0e8-67a5-200e-000000000d00}
ParentProcessId: 7660
ParentImage: C:\Users\admin\AppData\Local\Programs\Microsoft VS Code\Code.exe
ParentCommandLine: ""C:\Users\admin\AppData\Local\Programs\Microsoft VS Code\Code.exe"" --type=utility --utility-sub-type=node.mojom.NodeService --lang=en-US --service-sandbox-type=none --video-capture-use-gpu-memory-buffer --user-data-dir=""C:\Users\admin\AppData\Roaming\Code"" --standard-schemes=vscode-webview,vscode-file --enable-sandbox --secure-schemes=vscode-webview,vscode-file --cors-schemes=vscode-webview,vscode-file --fetch-schemes=vscode-webview,vscode-file --service-worker-schemes=vscode-webview --code-cache-schemes=vscode-webview,vscode-file --field-trial-handle=2608,i,5256079706014587714,9801614069133507600,262144 --disable-features=CalculateNativeWinOcclusion,PlzDedicatedWorker,SpareRendererForSitePerProcess,WinDelaySpellcheckServiceInit,WinRetrieveSuggestionsOnlyOnDemand --variations-seed-version --mojo-platform-channel-handle=2600 /prefetch:8
ParentUser: DESKTOP-F21NMCI\admin","1","5",,"4","1","0","-9223372036854775808","13778","Microsoft-Windows-Sysmon","5770385f-c22a-43e0-bf4c-06f5698ffbd9","Microsoft-Windows-Sysmon/Operational","2996","4896","DESKTOP-F21NMCI","S-1-5-18","2/7/2025 3:14:36 PM",,,"Microsoft-Windows-Sysmon/Operational","System.UInt32[]","System.Diagnostics.Eventing.Reader.EventBookmark","Information","Info","Process Create (rule: ProcessCreate)","System.Collections.ObjectModel.ReadOnlyCollection`1[System.String]","System.Collections.Generic.List`1[System.Diagnostics.Eventing.Reader.EventProperty]"
"Network connection detected:
RuleName: Usermode
UtcTime: 2025-02-06 22:40:56.941
ProcessGuid: {425f3eb2-c0e7-67a5-1e0e-000000000d00}
ProcessId: 8868
Image: C:\Users\admin\AppData\Local\Programs\Microsoft VS Code\Code.exe
User: DESKTOP-F21NMCI\admin
Protocol: tcp
Initiated: true
SourceIsIpv6: false
SourceIp: 192.168.228.130
SourceHostname: DESKTOP-F21NMCI.localdomain
SourcePort: 50999
SourcePortName: -
DestinationIsIpv6: false
DestinationIp: 13.107.246.73
DestinationHostname: -
DestinationPort: 443
DestinationPortName: https","3","5",,"4","3","0","-9223372036854775808","13777","Microsoft-Windows-Sysmon","5770385f-c22a-43e0-bf4c-06f5698ffbd9","Microsoft-Windows-Sysmon/Operational","2996","4916","DESKTOP-F21NMCI","S-1-5-18","2/7/2025 3:14:36 PM",,,"Microsoft-Windows-Sysmon/Operational","System.UInt32[]","System.Diagnostics.Eventing.Reader.EventBookmark","Information","Info","Network connection detected (rule: NetworkConnect)","System.Collections.ObjectModel.ReadOnlyCollection`1[System.String]","System.Collections.Generic.List`1[System.Diagnostics.Eventing.Reader.EventProperty]"
"Network connection detected:
RuleName: Usermode
UtcTime: 2025-02-06 22:40:56.864
ProcessGuid: {425f3eb2-c0e7-67a5-1e0e-000000000d00}
ProcessId: 8868
Image: C:\Users\admin\AppData\Local\Programs\Microsoft VS Code\Code.exe
User: DESKTOP-F21NMCI\admin
Protocol: udp
Initiated: true
SourceIsIpv6: false
SourceIp: 192.168.228.130
SourceHostname: DESKTOP-F21NMCI.localdomain
SourcePort: 64710
SourcePortName: -
DestinationIsIpv6: false
DestinationIp: 192.168.228.2
DestinationHostname: -
DestinationPort: 53
DestinationPortName: domain","3","5",,"4","3","0","-9223372036854775808","13776","Microsoft-Windows-Sysmon","5770385f-c22a-43e0-bf4c-06f5698ffbd9","Microsoft-Windows-Sysmon/Operational","2996","4916","DESKTOP-F21NMCI","S-1-5-18","2/7/2025 3:14:36 PM",,,"Microsoft-Windows-Sysmon/Operational","System.UInt32[]","System.Diagnostics.Eventing.Reader.EventBookmark","Information","Info","Network connection detected (rule: NetworkConnect)","System.Collections.ObjectModel.ReadOnlyCollection`1[System.String]","System.Collections.Generic.List`1[System.Diagnostics.Eventing.Reader.EventProperty]"
"Network connection detected:
RuleName: Usermode
UtcTime: 2025-02-06 22:40:56.864
ProcessGuid: {425f3eb2-c0e7-67a5-1e0e-000000000d00}
ProcessId: 8868
Image: C:\Users\admin\AppData\Local\Programs\Microsoft VS Code\Code.exe
User: DESKTOP-F21NMCI\admin
Protocol: udp
Initiated: true
SourceIsIpv6: false
SourceIp: 192.168.228.130
SourceHostname: DESKTOP-F21NMCI.localdomain
SourcePort: 55257
SourcePortName: -
DestinationIsIpv6: false
DestinationIp: 192.168.228.2
DestinationHostname: -
DestinationPort: 53
DestinationPortName: domain","3","5",,"4","3","0","-9223372036854775808","13775","Microsoft-Windows-Sysmon","5770385f-c22a-43e0-bf4c-06f5698ffbd9","Microsoft-Windows-Sysmon/Operational","2996","4916","DESKTOP-F21NMCI","S-1-5-18","2/7/2025 3:14:36 PM",,,"Microsoft-Windows-Sysmon/Operational","System.UInt32[]","System.Diagnostics.Eventing.Reader.EventBookmark","Information","Info","Network connection detected (rule: NetworkConnect)","System.Collections.ObjectModel.ReadOnlyCollection`1[System.String]","System.Collections.Generic.List`1[System.Diagnostics.Eventing.Reader.EventProperty]"
"Process Create:
RuleName: -
UtcTime: 2025-02-07 08:14:35.960
ProcessGuid: {425f3eb2-c0eb-67a5-2b0e-000000000d00}
ProcessId: 5496
Image: C:\Users\admin\.vscode\extensions\ms-python.python-2025.0.0-win32-x64\python-env-tools\bin\pet.exe
FileVersion: -
Description: -
Product: -
Company: -
OriginalFileName: -
CommandLine: c:\Users\admin\.vscode\extensions\ms-python.python-2025.0.0-win32-x64\python-env-tools\bin\pet.exe server
CurrentDirectory: C:\Users\admin\AppData\Local\Programs\Microsoft VS Code\
User: DESKTOP-F21NMCI\admin
LogonGuid: {425f3eb2-d380-67a4-4938-020000000000}
LogonId: 0x23849
TerminalSessionId: 1
IntegrityLevel: Medium
Hashes: MD5=66DE2BE5B7837B00BE1E3010583F9573,SHA256=54AC47375C66BBDB8A759D201930222B2C64C8A6ABAB71F91D798AAED817A0D4,IMPHASH=9AAB0C128545ABAEB0E9E722B7A7C8E7
ParentProcessGuid: {425f3eb2-c0e8-67a5-210e-000000000d00}
ParentProcessId: 5328
ParentImage: C:\Users\admin\AppData\Local\Programs\Microsoft VS Code\Code.exe
ParentCommandLine: ""C:\Users\admin\AppData\Local\Programs\Microsoft VS Code\Code.exe"" --type=utility --utility-sub-type=node.mojom.NodeService --lang=en-US --service-sandbox-type=none --dns-result-order=ipv4first --inspect-port=0 --video-capture-use-gpu-memory-buffer --user-data-dir=""C:\Users\admin\AppData\Roaming\Code"" --standard-schemes=vscode-webview,vscode-file --enable-sandbox --secure-schemes=vscode-webview,vscode-file --cors-schemes=vscode-webview,vscode-file --fetch-schemes=vscode-webview,vscode-file --service-worker-schemes=vscode-webview --code-cache-schemes=vscode-webview,vscode-file --field-trial-handle=3792,i,5256079706014587714,9801614069133507600,262144 --disable-features=CalculateNativeWinOcclusion,PlzDedicatedWorker,SpareRendererForSitePerProcess,WinDelaySpellcheckServiceInit,WinRetrieveSuggestionsOnlyOnDemand --variations-seed-version --mojo-platform-channel-handle=3788 /prefetch:8
ParentUser: DESKTOP-F21NMCI\admin","1","5",,"4","1","0","-9223372036854775808","13774","Microsoft-Windows-Sysmon","5770385f-c22a-43e0-bf4c-06f5698ffbd9","Microsoft-Windows-Sysmon/Operational","2996","4896","DESKTOP-F21NMCI","S-1-5-18","2/7/2025 3:14:35 PM",,,"Microsoft-Windows-Sysmon/Operational","System.UInt32[]","System.Diagnostics.Eventing.Reader.EventBookmark","Information","Info","Process Create (rule: ProcessCreate)","System.Collections.ObjectModel.ReadOnlyCollection`1[System.String]","System.Collections.Generic.List`1[System.Diagnostics.Eventing.Reader.EventProperty]"
